<?xml version="1.0" encoding="UTF-8"?>
<coverage generated="1772030276062" clover="3.2.0">
  <project timestamp="1772030276062" name="All files">
    <metrics statements="543" coveredstatements="410" conditionals="561" coveredconditionals="360" methods="249" coveredmethods="173" elements="1353" coveredelements="943" complexity="0" loc="543" ncloc="543" packages="6" files="23" classes="23"/>
    <package name="__tests__">
      <metrics statements="9" coveredstatements="8" conditionals="8" coveredconditionals="7" methods="9" coveredmethods="8"/>
      <file name="test-helpers.ts" path="C:\Users\jathi\OneDrive\Desktop\OneDrive - The University of Nottingham\OneDrive - The University of Nottingham\Dissertation\concept-test\frontend\src\__tests__\test-helpers.ts">
        <metrics statements="9" coveredstatements="8" conditionals="8" coveredconditionals="7" methods="9" coveredmethods="8"/>
        <line num="7" count="124" type="stmt"/>
        <line num="18" count="73" type="stmt"/>
        <line num="31" count="76" type="stmt"/>
        <line num="44" count="67" type="stmt"/>
        <line num="60" count="28" type="stmt"/>
        <line num="68" count="0" type="stmt"/>
        <line num="80" count="7" type="stmt"/>
        <line num="91" count="7" type="stmt"/>
        <line num="113" count="62" type="stmt"/>
      </file>
    </package>
    <package name="components">
      <metrics statements="250" coveredstatements="174" conditionals="268" coveredconditionals="176" methods="150" coveredmethods="109"/>
      <file name="AlertsTab.tsx" path="C:\Users\jathi\OneDrive\Desktop\OneDrive - The University of Nottingham\OneDrive - The University of Nottingham\Dissertation\concept-test\frontend\src\components\AlertsTab.tsx">
        <metrics statements="30" coveredstatements="23" conditionals="57" coveredconditionals="45" methods="23" coveredmethods="15"/>
        <line num="12" count="15" type="stmt"/>
        <line num="13" count="15" type="stmt"/>
        <line num="14" count="15" type="stmt"/>
        <line num="15" count="15" type="stmt"/>
        <line num="16" count="15" type="stmt"/>
        <line num="17" count="15" type="stmt"/>
        <line num="19" count="15" type="stmt"/>
        <line num="20" count="24" type="cond" truecount="2" falsecount="0"/>
        <line num="23" count="15" type="cond" truecount="2" falsecount="0"/>
        <line num="25" count="2" type="stmt"/>
        <line num="26" count="2" type="stmt"/>
        <line num="27" count="2" type="cond" truecount="2" falsecount="0"/>
        <line num="29" count="2" type="stmt"/>
        <line num="31" count="2" type="cond" truecount="3" falsecount="2"/>
        <line num="35" count="2" type="cond" truecount="1" falsecount="1"/>
        <line num="40" count="2" type="stmt"/>
        <line num="44" count="15" type="cond" truecount="4" falsecount="0"/>
        <line num="45" count="8" type="stmt"/>
        <line num="54" count="7" type="stmt"/>
        <line num="66" count="2" type="stmt"/>
        <line num="95" count="22" type="stmt"/>
        <line num="104" count="1" type="stmt"/>
        <line num="138" count="0" type="stmt"/>
        <line num="145" count="2" type="stmt"/>
        <line num="149" count="0" type="stmt"/>
        <line num="161" count="0" type="stmt"/>
        <line num="180" count="0" type="stmt"/>
        <line num="182" count="0" type="stmt"/>
        <line num="185" count="0" type="stmt"/>
        <line num="197" count="0" type="stmt"/>
      </file>
      <file name="ChatTab.tsx" path="C:\Users\jathi\OneDrive\Desktop\OneDrive - The University of Nottingham\OneDrive - The University of Nottingham\Dissertation\concept-test\frontend\src\components\ChatTab.tsx">
        <metrics statements="22" coveredstatements="15" conditionals="29" coveredconditionals="20" methods="12" coveredmethods="9"/>
        <line num="6" count="2" type="stmt"/>
        <line num="13" count="10" type="stmt"/>
        <line num="14" count="10" type="stmt"/>
        <line num="15" count="10" type="stmt"/>
        <line num="16" count="10" type="stmt"/>
        <line num="17" count="10" type="stmt"/>
        <line num="18" count="10" type="stmt"/>
        <line num="20" count="10" type="stmt"/>
        <line num="21" count="9" type="stmt"/>
        <line num="22" count="9" type="cond" truecount="1" falsecount="1"/>
        <line num="25" count="10" type="stmt"/>
        <line num="26" count="0" type="stmt"/>
        <line num="27" count="0" type="cond" truecount="0" falsecount="4"/>
        <line num="28" count="0" type="stmt"/>
        <line num="29" count="0" type="stmt"/>
        <line num="32" count="10" type="stmt"/>
        <line num="54" count="9" type="stmt"/>
        <line num="57" count="0" type="stmt"/>
        <line num="58" count="0" type="stmt"/>
        <line num="70" count="8" type="stmt"/>
        <line num="107" count="1" type="stmt"/>
        <line num="116" count="0" type="cond" truecount="0" falsecount="2"/>
      </file>
      <file name="CodesTabContent.tsx" path="C:\Users\jathi\OneDrive\Desktop\OneDrive - The University of Nottingham\OneDrive - The University of Nottingham\Dissertation\concept-test\frontend\src\components\CodesTabContent.tsx">
        <metrics statements="67" coveredstatements="35" conditionals="49" coveredconditionals="15" methods="36" coveredmethods="20"/>
        <line num="23" count="8" type="stmt"/>
        <line num="24" count="8" type="stmt"/>
        <line num="25" count="8" type="stmt"/>
        <line num="26" count="8" type="stmt"/>
        <line num="27" count="8" type="stmt"/>
        <line num="28" count="8" type="stmt"/>
        <line num="29" count="8" type="stmt"/>
        <line num="30" count="8" type="stmt"/>
        <line num="31" count="8" type="stmt"/>
        <line num="32" count="8" type="stmt"/>
        <line num="33" count="8" type="stmt"/>
        <line num="34" count="8" type="stmt"/>
        <line num="35" count="8" type="stmt"/>
        <line num="37" count="8" type="stmt"/>
        <line num="38" count="8" type="stmt"/>
        <line num="39" count="8" type="stmt"/>
        <line num="40" count="8" type="stmt"/>
        <line num="41" count="8" type="stmt"/>
        <line num="43" count="8" type="stmt"/>
        <line num="44" count="9" type="stmt"/>
        <line num="47" count="8" type="stmt"/>
        <line num="48" count="1" type="cond" truecount="1" falsecount="1"/>
        <line num="49" count="1" type="stmt"/>
        <line num="50" count="1" type="cond" truecount="2" falsecount="0"/>
        <line num="51" count="1" type="stmt"/>
        <line num="52" count="1" type="stmt"/>
        <line num="55" count="8" type="stmt"/>
        <line num="56" count="0" type="stmt"/>
        <line num="57" count="0" type="stmt"/>
        <line num="60" count="8" type="stmt"/>
        <line num="61" count="0" type="stmt"/>
        <line num="62" count="0" type="stmt"/>
        <line num="63" count="0" type="stmt"/>
        <line num="65" count="0" type="cond" truecount="0" falsecount="2"/>
        <line num="69" count="8" type="stmt"/>
        <line num="75" count="1" type="stmt"/>
        <line num="79" count="1" type="cond" truecount="3" falsecount="0"/>
        <line num="93" count="0" type="stmt"/>
        <line num="109" count="0" type="stmt"/>
        <line num="120" count="9" type="stmt"/>
        <line num="121" count="9" type="stmt"/>
        <line num="123" count="9" type="stmt"/>
        <line num="131" count="1" type="stmt"/>
        <line num="133" count="0" type="cond" truecount="0" falsecount="2"/>
        <line num="134" count="0" type="stmt"/>
        <line num="135" count="0" type="stmt"/>
        <line num="136" count="0" type="stmt"/>
        <line num="138" count="0" type="cond" truecount="0" falsecount="2"/>
        <line num="139" count="0" type="stmt"/>
        <line num="140" count="0" type="stmt"/>
        <line num="144" count="0" type="stmt"/>
        <line num="145" count="0" type="stmt"/>
        <line num="158" count="0" type="stmt"/>
        <line num="159" count="0" type="cond" truecount="0" falsecount="2"/>
        <line num="160" count="0" type="cond" truecount="0" falsecount="2"/>
        <line num="184" count="0" type="stmt"/>
        <line num="243" count="0" type="stmt"/>
        <line num="245" count="0" type="stmt"/>
        <line num="255" count="0" type="stmt"/>
        <line num="256" count="0" type="cond" truecount="0" falsecount="2"/>
        <line num="270" count="0" type="stmt"/>
        <line num="278" count="0" type="stmt"/>
        <line num="286" count="0" type="stmt"/>
        <line num="287" count="0" type="stmt"/>
        <line num="342" count="0" type="stmt"/>
        <line num="343" count="0" type="stmt"/>
        <line num="357" count="0" type="stmt"/>
      </file>
      <file name="CodingAuditDetail.tsx" path="C:\Users\jathi\OneDrive\Desktop\OneDrive - The University of Nottingham\OneDrive - The University of Nottingham\Dissertation\concept-test\frontend\src\components\CodingAuditDetail.tsx">
        <metrics statements="16" coveredstatements="13" conditionals="41" coveredconditionals="33" methods="11" coveredmethods="8"/>
        <line num="26" count="9" type="stmt"/>
        <line num="27" count="9" type="stmt"/>
        <line num="29" count="9" type="stmt"/>
        <line num="30" count="9" type="stmt"/>
        <line num="31" count="9" type="cond" truecount="4" falsecount="0"/>
        <line num="33" count="8" type="cond" truecount="2" falsecount="0"/>
        <line num="35" count="10" type="stmt"/>
        <line num="39" count="9" type="stmt"/>
        <line num="44" count="2" type="stmt"/>
        <line num="76" count="2" type="stmt"/>
        <line num="79" count="0" type="stmt"/>
        <line num="87" count="0" type="stmt"/>
        <line num="102" count="1" type="stmt"/>
        <line num="137" count="2" type="stmt"/>
        <line num="141" count="0" type="stmt"/>
        <line num="148" count="1" type="stmt"/>
      </file>
      <file name="DocumentsTabContent.tsx" path="C:\Users\jathi\OneDrive\Desktop\OneDrive - The University of Nottingham\OneDrive - The University of Nottingham\Dissertation\concept-test\frontend\src\components\DocumentsTabContent.tsx">
        <metrics statements="27" coveredstatements="16" conditionals="12" coveredconditionals="6" methods="17" coveredmethods="12"/>
        <line num="11" count="7" type="stmt"/>
        <line num="12" count="7" type="stmt"/>
        <line num="13" count="7" type="stmt"/>
        <line num="14" count="7" type="stmt"/>
        <line num="15" count="7" type="stmt"/>
        <line num="16" count="7" type="stmt"/>
        <line num="17" count="7" type="stmt"/>
        <line num="18" count="7" type="stmt"/>
        <line num="20" count="7" type="stmt"/>
        <line num="21" count="10" type="stmt"/>
        <line num="24" count="7" type="stmt"/>
        <line num="25" count="0" type="stmt"/>
        <line num="26" count="0" type="cond" truecount="0" falsecount="2"/>
        <line num="27" count="0" type="stmt"/>
        <line num="30" count="7" type="stmt"/>
        <line num="42" count="0" type="stmt"/>
        <line num="61" count="0" type="stmt"/>
        <line num="70" count="10" type="stmt"/>
        <line num="76" count="1" type="stmt"/>
        <line num="77" count="1" type="stmt"/>
        <line num="78" count="1" type="stmt"/>
        <line num="81" count="0" type="cond" truecount="0" falsecount="4"/>
        <line num="82" count="0" type="stmt"/>
        <line num="83" count="0" type="stmt"/>
        <line num="84" count="0" type="stmt"/>
        <line num="85" count="0" type="stmt"/>
        <line num="99" count="0" type="stmt"/>
      </file>
      <file name="RetrievedSegments.tsx" path="C:\Users\jathi\OneDrive\Desktop\OneDrive - The University of Nottingham\OneDrive - The University of Nottingham\Dissertation\concept-test\frontend\src\components\RetrievedSegments.tsx">
        <metrics statements="33" coveredstatements="20" conditionals="16" coveredconditionals="7" methods="17" coveredmethods="14"/>
        <line num="6" count="3" type="stmt"/>
        <line num="7" count="3" type="stmt"/>
        <line num="8" count="3" type="stmt"/>
        <line num="9" count="3" type="stmt"/>
        <line num="10" count="3" type="stmt"/>
        <line num="11" count="3" type="stmt"/>
        <line num="12" count="3" type="stmt"/>
        <line num="13" count="3" type="stmt"/>
        <line num="14" count="3" type="stmt"/>
        <line num="16" count="3" type="stmt"/>
        <line num="18" count="3" type="cond" truecount="2" falsecount="0"/>
        <line num="19" count="1" type="stmt"/>
        <line num="31" count="2" type="stmt"/>
        <line num="32" count="2" type="stmt"/>
        <line num="33" count="2" type="cond" truecount="1" falsecount="1"/>
        <line num="34" count="2" type="stmt"/>
        <line num="37" count="2" type="stmt"/>
        <line num="65" count="2" type="stmt"/>
        <line num="66" count="2" type="stmt"/>
        <line num="70" count="0" type="stmt"/>
        <line num="71" count="0" type="stmt"/>
        <line num="72" count="0" type="stmt"/>
        <line num="82" count="2" type="stmt"/>
        <line num="92" count="0" type="stmt"/>
        <line num="93" count="0" type="stmt"/>
        <line num="94" count="0" type="stmt"/>
        <line num="95" count="0" type="stmt"/>
        <line num="98" count="0" type="cond" truecount="0" falsecount="4"/>
        <line num="99" count="0" type="stmt"/>
        <line num="100" count="0" type="stmt"/>
        <line num="101" count="0" type="stmt"/>
        <line num="102" count="0" type="stmt"/>
        <line num="103" count="0" type="stmt"/>
      </file>
      <file name="RightPanel.tsx" path="C:\Users\jathi\OneDrive\Desktop\OneDrive - The University of Nottingham\OneDrive - The University of Nottingham\Dissertation\concept-test\frontend\src\components\RightPanel.tsx">
        <metrics statements="9" coveredstatements="9" conditionals="15" coveredconditionals="13" methods="7" coveredmethods="7"/>
        <line num="13" count="1" type="stmt"/>
        <line num="19" count="8" type="stmt"/>
        <line num="20" count="8" type="stmt"/>
        <line num="21" count="8" type="stmt"/>
        <line num="23" count="8" type="stmt"/>
        <line num="24" count="17" type="cond" truecount="2" falsecount="0"/>
        <line num="27" count="8" type="stmt"/>
        <line num="30" count="1" type="stmt"/>
        <line num="47" count="16" type="stmt"/>
      </file>
      <file name="StatusBar.tsx" path="C:\Users\jathi\OneDrive\Desktop\OneDrive - The University of Nottingham\OneDrive - The University of Nottingham\Dissertation\concept-test\frontend\src\components\StatusBar.tsx">
        <metrics statements="11" coveredstatements="11" conditionals="17" coveredconditionals="12" methods="10" coveredmethods="10"/>
        <line num="6" count="8" type="stmt"/>
        <line num="7" count="8" type="stmt"/>
        <line num="8" count="8" type="stmt"/>
        <line num="9" count="8" type="stmt"/>
        <line num="10" count="8" type="stmt"/>
        <line num="11" count="8" type="stmt"/>
        <line num="12" count="8" type="stmt"/>
        <line num="14" count="8" type="stmt"/>
        <line num="16" count="8" type="stmt"/>
        <line num="17" count="8" type="cond" truecount="2" falsecount="0"/>
        <line num="21" count="8" type="stmt"/>
      </file>
      <file name="Toolbar.tsx" path="C:\Users\jathi\OneDrive\Desktop\OneDrive - The University of Nottingham\OneDrive - The University of Nottingham\Dissertation\concept-test\frontend\src\components\Toolbar.tsx">
        <metrics statements="30" coveredstatements="28" conditionals="32" coveredconditionals="25" methods="14" coveredmethods="12"/>
        <line num="14" count="12" type="stmt"/>
        <line num="15" count="12" type="stmt"/>
        <line num="16" count="12" type="stmt"/>
        <line num="17" count="12" type="stmt"/>
        <line num="18" count="12" type="stmt"/>
        <line num="19" count="12" type="stmt"/>
        <line num="22" count="12" type="cond" truecount="3" falsecount="0"/>
        <line num="24" count="12" type="cond" truecount="3" falsecount="0"/>
        <line num="27" count="12" type="stmt"/>
        <line num="28" count="12" type="stmt"/>
        <line num="29" count="3" type="stmt"/>
        <line num="30" count="3" type="cond" truecount="3" falsecount="1"/>
        <line num="32" count="3" type="stmt"/>
        <line num="33" count="3" type="stmt"/>
        <line num="34" count="3" type="cond" truecount="1" falsecount="1"/>
        <line num="36" count="3" type="stmt"/>
        <line num="37" count="3" type="cond" truecount="3" falsecount="1"/>
        <line num="38" count="2" type="cond" truecount="2" falsecount="0"/>
        <line num="39" count="1" type="cond" truecount="1" falsecount="1"/>
        <line num="40" count="1" type="stmt"/>
        <line num="42" count="3" type="cond" truecount="1" falsecount="1"/>
        <line num="43" count="3" type="stmt"/>
        <line num="44" count="3" type="stmt"/>
        <line num="48" count="12" type="stmt"/>
        <line num="73" count="1" type="stmt"/>
        <line num="80" count="0" type="stmt"/>
        <line num="86" count="1" type="stmt"/>
        <line num="98" count="0" type="cond" truecount="0" falsecount="2"/>
        <line num="117" count="43" type="stmt"/>
        <line num="137" count="11" type="stmt"/>
      </file>
      <file name="Visualisations.tsx" path="C:\Users\jathi\OneDrive\Desktop\OneDrive - The University of Nottingham\OneDrive - The University of Nottingham\Dissertation\concept-test\frontend\src\components\Visualisations.tsx">
        <metrics statements="5" coveredstatements="4" conditionals="0" coveredconditionals="0" methods="3" coveredmethods="2"/>
        <line num="10" count="1" type="stmt"/>
        <line num="17" count="2" type="stmt"/>
        <line num="19" count="2" type="stmt"/>
        <line num="22" count="0" type="stmt"/>
        <line num="30" count="6" type="stmt"/>
      </file>
    </package>
    <package name="components.history">
      <metrics statements="67" coveredstatements="61" conditionals="92" coveredconditionals="67" methods="20" coveredmethods="19"/>
      <file name="CodeChangeBanner.tsx" path="C:\Users\jathi\OneDrive\Desktop\OneDrive - The University of Nottingham\OneDrive - The University of Nottingham\Dissertation\concept-test\frontend\src\components\history\CodeChangeBanner.tsx">
        <metrics statements="3" coveredstatements="3" conditionals="8" coveredconditionals="7" methods="1" coveredmethods="1"/>
        <line num="10" count="3" type="cond" truecount="1" falsecount="1"/>
        <line num="11" count="3" type="cond" truecount="2" falsecount="0"/>
        <line num="13" count="3" type="stmt"/>
      </file>
      <file name="HistoryTimeline.tsx" path="C:\Users\jathi\OneDrive\Desktop\OneDrive - The University of Nottingham\OneDrive - The University of Nottingham\Dissertation\concept-test\frontend\src\components\history\HistoryTimeline.tsx">
        <metrics statements="26" coveredstatements="20" conditionals="34" coveredconditionals="16" methods="15" coveredmethods="14"/>
        <line num="9" count="4" type="stmt"/>
        <line num="10" count="4" type="cond" truecount="1" falsecount="1"/>
        <line num="11" count="4" type="stmt"/>
        <line num="12" count="0" type="cond" truecount="0" falsecount="2"/>
        <line num="13" count="0" type="stmt"/>
        <line num="14" count="0" type="cond" truecount="0" falsecount="2"/>
        <line num="15" count="0" type="stmt"/>
        <line num="16" count="0" type="stmt"/>
        <line num="20" count="4" type="stmt"/>
        <line num="43" count="10" type="stmt"/>
        <line num="68" count="4" type="cond" truecount="1" falsecount="1"/>
        <line num="69" count="4" type="cond" truecount="2" falsecount="0"/>
        <line num="71" count="4" type="stmt"/>
        <line num="128" count="5" type="stmt"/>
        <line num="129" count="5" type="stmt"/>
        <line num="130" count="5" type="stmt"/>
        <line num="131" count="5" type="stmt"/>
        <line num="132" count="5" type="stmt"/>
        <line num="133" count="5" type="stmt"/>
        <line num="136" count="5" type="stmt"/>
        <line num="137" count="1" type="stmt"/>
        <line num="142" count="5" type="stmt"/>
        <line num="155" count="0" type="stmt"/>
        <line num="160" count="1" type="stmt"/>
        <line num="179" count="4" type="stmt"/>
        <line num="183" count="1" type="stmt"/>
      </file>
      <file name="history-helpers.ts" path="C:\Users\jathi\OneDrive\Desktop\OneDrive - The University of Nottingham\OneDrive - The University of Nottingham\Dissertation\concept-test\frontend\src\components\history\history-helpers.ts">
        <metrics statements="38" coveredstatements="38" conditionals="50" coveredconditionals="44" methods="4" coveredmethods="4"/>
        <line num="6" count="20" type="stmt"/>
        <line num="7" count="20" type="stmt"/>
        <line num="8" count="20" type="cond" truecount="3" falsecount="0"/>
        <line num="13" count="5" type="stmt"/>
        <line num="14" count="5" type="stmt"/>
        <line num="15" count="5" type="stmt"/>
        <line num="16" count="5" type="stmt"/>
        <line num="17" count="5" type="stmt"/>
        <line num="18" count="5" type="stmt"/>
        <line num="22" count="5" type="stmt"/>
        <line num="27" count="14" type="cond" truecount="1" falsecount="1"/>
        <line num="28" count="14" type="cond" truecount="1" falsecount="1"/>
        <line num="30" count="14" type="cond" truecount="2" falsecount="0"/>
        <line num="31" count="9" type="cond" truecount="1" falsecount="1"/>
        <line num="32" count="9" type="cond" truecount="2" falsecount="0"/>
        <line num="33" count="9" type="cond" truecount="2" falsecount="0"/>
        <line num="34" count="7" type="stmt"/>
        <line num="35" count="2" type="cond" truecount="1" falsecount="1"/>
        <line num="36" count="2" type="stmt"/>
        <line num="39" count="5" type="cond" truecount="2" falsecount="0"/>
        <line num="40" count="4" type="cond" truecount="2" falsecount="0"/>
        <line num="41" count="3" type="cond" truecount="2" falsecount="0"/>
        <line num="42" count="2" type="cond" truecount="3" falsecount="1"/>
        <line num="43" count="2" type="stmt"/>
        <line num="47" count="1" type="stmt"/>
        <line num="55" count="6" type="cond" truecount="4" falsecount="0"/>
        <line num="57" count="5" type="cond" truecount="1" falsecount="1"/>
        <line num="58" count="6" type="stmt"/>
        <line num="59" count="6" type="stmt"/>
        <line num="61" count="6" type="cond" truecount="4" falsecount="0"/>
        <line num="62" count="4" type="cond" truecount="5" falsecount="0"/>
        <line num="63" count="1" type="stmt"/>
        <line num="66" count="3" type="cond" truecount="2" falsecount="0"/>
        <line num="73" count="6" type="cond" truecount="2" falsecount="0"/>
        <line num="79" count="6" type="stmt"/>
        <line num="80" count="6" type="stmt"/>
        <line num="81" count="6" type="stmt"/>
        <line num="83" count="6" type="stmt"/>
      </file>
    </package>
    <package name="components.vis">
      <metrics statements="77" coveredstatements="30" conditionals="73" coveredconditionals="15" methods="47" coveredmethods="14"/>
      <file name="AIAnalytics.tsx" path="C:\Users\jathi\OneDrive\Desktop\OneDrive - The University of Nottingham\OneDrive - The University of Nottingham\Dissertation\concept-test\frontend\src\components\vis\AIAnalytics.tsx">
        <metrics statements="43" coveredstatements="0" conditionals="49" coveredconditionals="0" methods="30" coveredmethods="0"/>
        <line num="20" count="0" type="stmt"/>
        <line num="21" count="0" type="stmt"/>
        <line num="22" count="0" type="stmt"/>
        <line num="23" count="0" type="stmt"/>
        <line num="25" count="0" type="stmt"/>
        <line num="26" count="0" type="stmt"/>
        <line num="27" count="0" type="stmt"/>
        <line num="29" count="0" type="stmt"/>
        <line num="30" count="0" type="stmt"/>
        <line num="31" count="0" type="stmt"/>
        <line num="32" count="0" type="cond" truecount="0" falsecount="2"/>
        <line num="33" count="0" type="cond" truecount="0" falsecount="2"/>
        <line num="35" count="0" type="stmt"/>
        <line num="36" count="0" type="stmt"/>
        <line num="37" count="0" type="stmt"/>
        <line num="38" count="0" type="cond" truecount="0" falsecount="2"/>
        <line num="40" count="0" type="stmt"/>
        <line num="42" count="0" type="stmt"/>
        <line num="43" count="0" type="stmt"/>
        <line num="44" count="0" type="stmt"/>
        <line num="45" count="0" type="stmt"/>
        <line num="46" count="0" type="stmt"/>
        <line num="47" count="0" type="stmt"/>
        <line num="56" count="0" type="stmt"/>
        <line num="59" count="0" type="cond" truecount="0" falsecount="3"/>
        <line num="61" count="0" type="stmt"/>
        <line num="78" count="0" type="stmt"/>
        <line num="80" count="0" type="stmt"/>
        <line num="83" count="0" type="stmt"/>
        <line num="87" count="0" type="stmt"/>
        <line num="89" count="0" type="stmt"/>
        <line num="92" count="0" type="stmt"/>
        <line num="96" count="0" type="cond" truecount="0" falsecount="5"/>
        <line num="97" count="0" type="stmt"/>
        <line num="112" count="0" type="stmt"/>
        <line num="168" count="0" type="stmt"/>
        <line num="171" count="0" type="stmt"/>
        <line num="198" count="0" type="stmt"/>
        <line num="201" count="0" type="stmt"/>
        <line num="233" count="0" type="stmt"/>
        <line num="252" count="0" type="stmt"/>
        <line num="322" count="0" type="stmt"/>
        <line num="328" count="0" type="stmt"/>
      </file>
      <file name="CrossTabulation.tsx" path="C:\Users\jathi\OneDrive\Desktop\OneDrive - The University of Nottingham\OneDrive - The University of Nottingham\Dissertation\concept-test\frontend\src\components\vis\CrossTabulation.tsx">
        <metrics statements="25" coveredstatements="25" conditionals="20" coveredconditionals="14" methods="11" coveredmethods="11"/>
        <line num="7" count="2" type="stmt"/>
        <line num="8" count="2" type="stmt"/>
        <line num="9" count="2" type="stmt"/>
        <line num="11" count="2" type="stmt"/>
        <line num="12" count="2" type="stmt"/>
        <line num="13" count="2" type="stmt"/>
        <line num="14" count="1" type="stmt"/>
        <line num="15" count="1" type="stmt"/>
        <line num="16" count="2" type="stmt"/>
        <line num="19" count="2" type="stmt"/>
        <line num="20" count="4" type="cond" truecount="4" falsecount="0"/>
        <line num="21" count="3" type="stmt"/>
        <line num="24" count="2" type="stmt"/>
        <line num="27" count="2" type="cond" truecount="4" falsecount="0"/>
        <line num="28" count="1" type="stmt"/>
        <line num="37" count="1" type="stmt"/>
        <line num="50" count="2" type="stmt"/>
        <line num="75" count="1" type="stmt"/>
        <line num="76" count="2" type="cond" truecount="1" falsecount="1"/>
        <line num="79" count="1" type="stmt"/>
        <line num="88" count="2" type="cond" truecount="1" falsecount="1"/>
        <line num="89" count="2" type="stmt"/>
        <line num="119" count="2" type="stmt"/>
        <line num="120" count="2" type="cond" truecount="1" falsecount="1"/>
        <line num="123" count="2" type="stmt"/>
      </file>
      <file name="FrequencyChart.tsx" path="C:\Users\jathi\OneDrive\Desktop\OneDrive - The University of Nottingham\OneDrive - The University of Nottingham\Dissertation\concept-test\frontend\src\components\vis\FrequencyChart.tsx">
        <metrics statements="9" coveredstatements="5" conditionals="4" coveredconditionals="1" methods="6" coveredmethods="3"/>
        <line num="14" count="2" type="stmt"/>
        <line num="16" count="2" type="stmt"/>
        <line num="18" count="2" type="stmt"/>
        <line num="19" count="0" type="stmt"/>
        <line num="20" count="0" type="stmt"/>
        <line num="28" count="2" type="cond" truecount="1" falsecount="1"/>
        <line num="29" count="2" type="stmt"/>
        <line num="36" count="0" type="stmt"/>
        <line num="69" count="0" type="stmt"/>
      </file>
    </package>
    <package name="hooks">
      <metrics statements="42" coveredstatements="40" conditionals="15" coveredconditionals="11" methods="9" coveredmethods="9"/>
      <file name="useDraggable.ts" path="C:\Users\jathi\OneDrive\Desktop\OneDrive - The University of Nottingham\OneDrive - The University of Nottingham\Dissertation\concept-test\frontend\src\hooks\useDraggable.ts">
        <metrics statements="15" coveredstatements="15" conditionals="2" coveredconditionals="2" methods="5" coveredmethods="5"/>
        <line num="8" count="14" type="stmt"/>
        <line num="9" count="14" type="stmt"/>
        <line num="10" count="14" type="stmt"/>
        <line num="13" count="14" type="stmt"/>
        <line num="14" count="6" type="stmt"/>
        <line num="17" count="14" type="stmt"/>
        <line num="19" count="2" type="stmt"/>
        <line num="20" count="2" type="stmt"/>
        <line num="21" count="2" type="stmt"/>
        <line num="26" count="14" type="stmt"/>
        <line num="27" count="2" type="cond" truecount="2" falsecount="0"/>
        <line num="28" count="1" type="stmt"/>
        <line num="34" count="14" type="stmt"/>
        <line num="35" count="1" type="stmt"/>
        <line num="38" count="14" type="stmt"/>
      </file>
      <file name="useTextSelection.ts" path="C:\Users\jathi\OneDrive\Desktop\OneDrive - The University of Nottingham\OneDrive - The University of Nottingham\Dissertation\concept-test\frontend\src\hooks\useTextSelection.ts">
        <metrics statements="27" coveredstatements="25" conditionals="13" coveredconditionals="9" methods="4" coveredmethods="4"/>
        <line num="5" count="4" type="stmt"/>
        <line num="7" count="4" type="stmt"/>
        <line num="8" count="4" type="stmt"/>
        <line num="9" count="4" type="cond" truecount="5" falsecount="0"/>
        <line num="10" count="2" type="stmt"/>
        <line num="13" count="2" type="stmt"/>
        <line num="14" count="2" type="cond" truecount="2" falsecount="0"/>
        <line num="16" count="1" type="stmt"/>
        <line num="17" count="1" type="stmt"/>
        <line num="19" count="1" type="stmt"/>
        <line num="20" count="1" type="stmt"/>
        <line num="22" count="1" type="stmt"/>
        <line num="23" count="1" type="stmt"/>
        <line num="25" count="1" type="stmt"/>
        <line num="26" count="1" type="stmt"/>
        <line num="28" count="1" type="stmt"/>
        <line num="29" count="1" type="cond" truecount="1" falsecount="1"/>
        <line num="31" count="1" type="stmt"/>
        <line num="32" count="1" type="stmt"/>
        <line num="47" count="4" type="stmt"/>
        <line num="55" count="2" type="stmt"/>
        <line num="56" count="2" type="stmt"/>
        <line num="58" count="2" type="stmt"/>
        <line num="59" count="2" type="cond" truecount="1" falsecount="1"/>
        <line num="60" count="2" type="stmt"/>
        <line num="62" count="0" type="cond" truecount="0" falsecount="2"/>
        <line num="64" count="0" type="stmt"/>
      </file>
    </package>
    <package name="lib">
      <metrics statements="98" coveredstatements="97" conditionals="105" coveredconditionals="84" methods="14" coveredmethods="14"/>
      <file name="alert-helpers.tsx" path="C:\Users\jathi\OneDrive\Desktop\OneDrive - The University of Nottingham\OneDrive - The University of Nottingham\Dissertation\concept-test\frontend\src\lib\alert-helpers.tsx">
        <metrics statements="38" coveredstatements="37" conditionals="66" coveredconditionals="49" methods="4" coveredmethods="4"/>
        <line num="16" count="27" type="stmt"/>
        <line num="30" count="27" type="stmt"/>
        <line num="38" count="22" type="stmt"/>
        <line num="48" count="22" type="cond" truecount="1" falsecount="1"/>
        <line num="53" count="33" type="cond" truecount="7" falsecount="0"/>
        <line num="55" count="23" type="stmt"/>
        <line num="58" count="23" type="stmt"/>
        <line num="61" count="23" type="cond" truecount="2" falsecount="0"/>
        <line num="63" count="23" type="cond" truecount="2" falsecount="0"/>
        <line num="64" count="23" type="cond" truecount="2" falsecount="0"/>
        <line num="65" count="23" type="stmt"/>
        <line num="68" count="2" type="cond" truecount="2" falsecount="0"/>
        <line num="72" count="3" type="cond" truecount="2" falsecount="0"/>
        <line num="77" count="2" type="cond" truecount="1" falsecount="2"/>
        <line num="78" count="2" type="stmt"/>
        <line num="82" count="1" type="cond" truecount="1" falsecount="2"/>
        <line num="83" count="1" type="stmt"/>
        <line num="86" count="1" type="cond" truecount="1" falsecount="1"/>
        <line num="88" count="1" type="stmt"/>
        <line num="94" count="47" type="cond" truecount="1" falsecount="1"/>
        <line num="95" count="47" type="cond" truecount="2" falsecount="0"/>
        <line num="96" count="40" type="stmt"/>
        <line num="97" count="40" type="stmt"/>
        <line num="99" count="40" type="cond" truecount="3" falsecount="0"/>
        <line num="100" count="40" type="cond" truecount="1" falsecount="1"/>
        <line num="103" count="40" type="stmt"/>
        <line num="108" count="7" type="cond" truecount="2" falsecount="0"/>
        <line num="109" count="7" type="stmt"/>
        <line num="115" count="6" type="cond" truecount="2" falsecount="0"/>
        <line num="116" count="6" type="stmt"/>
        <line num="121" count="4" type="cond" truecount="2" falsecount="0"/>
        <line num="123" count="2" type="cond" truecount="1" falsecount="2"/>
        <line num="124" count="2" type="stmt"/>
        <line num="126" count="2" type="cond" truecount="2" falsecount="0"/>
        <line num="127" count="2" type="cond" truecount="1" falsecount="1"/>
        <line num="128" count="1" type="cond" truecount="1" falsecount="1"/>
        <line num="129" count="1" type="cond" truecount="1" falsecount="1"/>
        <line num="130" count="0" type="stmt"/>
      </file>
      <file name="annotated-text.ts" path="C:\Users\jathi\OneDrive\Desktop\OneDrive - The University of Nottingham\OneDrive - The University of Nottingham\Dissertation\concept-test\frontend\src\lib\annotated-text.ts">
        <metrics statements="33" coveredstatements="33" conditionals="23" coveredconditionals="19" methods="3" coveredmethods="3"/>
        <line num="11" count="6" type="cond" truecount="1" falsecount="1"/>
        <line num="13" count="6" type="stmt"/>
        <line num="17" count="6" type="stmt"/>
        <line num="18" count="8" type="stmt"/>
        <line num="19" count="8" type="cond" truecount="1" falsecount="1"/>
        <line num="20" count="8" type="stmt"/>
        <line num="27" count="8" type="stmt"/>
        <line num="28" count="8" type="stmt"/>
        <line num="29" count="8" type="cond" truecount="2" falsecount="0"/>
        <line num="32" count="6" type="stmt"/>
        <line num="33" count="2" type="cond" truecount="1" falsecount="1"/>
        <line num="35" count="6" type="stmt"/>
        <line num="37" count="6" type="stmt"/>
        <line num="38" count="8" type="stmt"/>
        <line num="39" count="8" type="cond" truecount="4" falsecount="0"/>
        <line num="40" count="1" type="stmt"/>
        <line num="41" count="1" type="stmt"/>
        <line num="42" count="1" type="cond" truecount="1" falsecount="1"/>
        <line num="44" count="7" type="stmt"/>
        <line num="48" count="6" type="stmt"/>
        <line num="60" count="7" type="cond" truecount="2" falsecount="0"/>
        <line num="62" count="6" type="stmt"/>
        <line num="63" count="6" type="stmt"/>
        <line num="64" count="6" type="stmt"/>
        <line num="66" count="6" type="stmt"/>
        <line num="67" count="7" type="cond" truecount="2" falsecount="0"/>
        <line num="68" count="1" type="stmt"/>
        <line num="70" count="7" type="cond" truecount="2" falsecount="0"/>
        <line num="73" count="7" type="stmt"/>
        <line num="78" count="7" type="stmt"/>
        <line num="81" count="6" type="cond" truecount="2" falsecount="0"/>
        <line num="82" count="5" type="stmt"/>
        <line num="85" count="6" type="stmt"/>
      </file>
      <file name="constants.ts" path="C:\Users\jathi\OneDrive\Desktop\OneDrive - The University of Nottingham\OneDrive - The University of Nottingham\Dissertation\concept-test\frontend\src\lib\constants.ts">
        <metrics statements="6" coveredstatements="6" conditionals="2" coveredconditionals="2" methods="2" coveredmethods="2"/>
        <line num="2" count="7" type="stmt"/>
        <line num="11" count="21" type="stmt"/>
        <line num="12" count="4" type="stmt"/>
        <line num="13" count="24" type="cond" truecount="2" falsecount="0"/>
        <line num="15" count="1" type="stmt"/>
        <line num="19" count="7" type="stmt"/>
      </file>
      <file name="utils.ts" path="C:\Users\jathi\OneDrive\Desktop\OneDrive - The University of Nottingham\OneDrive - The University of Nottingham\Dissertation\concept-test\frontend\src\lib\utils.ts">
        <metrics statements="21" coveredstatements="21" conditionals="14" coveredconditionals="14" methods="5" coveredmethods="5"/>
        <line num="5" count="152" type="stmt"/>
        <line num="10" count="8" type="cond" truecount="2" falsecount="0"/>
        <line num="11" count="1" type="stmt"/>
        <line num="12" count="7" type="stmt"/>
        <line num="13" count="7" type="cond" truecount="2" falsecount="0"/>
        <line num="14" count="8" type="cond" truecount="2" falsecount="0"/>
        <line num="15" count="8" type="cond" truecount="2" falsecount="0"/>
        <line num="16" count="8" type="stmt"/>
        <line num="21" count="30" type="stmt"/>
        <line num="33" count="13" type="stmt"/>
        <line num="35" count="13" type="cond" truecount="2" falsecount="0"/>
        <line num="36" count="3" type="stmt"/>
        <line num="38" count="13" type="stmt"/>
        <line num="39" count="13" type="stmt"/>
        <line num="40" count="13" type="stmt"/>
        <line num="43" count="13" type="stmt"/>
        <line num="44" count="39" type="cond" truecount="2" falsecount="0"/>
        <line num="45" count="13" type="stmt"/>
        <line num="49" count="13" type="stmt"/>
        <line num="50" count="13" type="stmt"/>
        <line num="52" count="13" type="cond" truecount="2" falsecount="0"/>
      </file>
    </package>
  </project>
</coverage>
