{"C:\\Users\\jathi\\OneDrive\\Desktop\\OneDrive - The University of Nottingham\\OneDrive - The University of Nottingham\\Dissertation\\concept-test\\frontend\\src\\__tests__\\test-helpers.ts": {"path":"C:\\Users\\jathi\\OneDrive\\Desktop\\OneDrive - The University of Nottingham\\OneDrive - The University of Nottingham\\Dissertation\\concept-test\\frontend\\src\\__tests__\\test-helpers.ts","statementMap":{"0":{"start":{"line":7,"column":2},"end":{"line":14,"column":null}},"1":{"start":{"line":18,"column":2},"end":{"line":27,"column":null}},"2":{"start":{"line":31,"column":2},"end":{"line":40,"column":null}},"3":{"start":{"line":44,"column":2},"end":{"line":56,"column":null}},"4":{"start":{"line":60,"column":2},"end":{"line":64,"column":null}},"5":{"start":{"line":68,"column":2},"end":{"line":76,"column":null}},"6":{"start":{"line":80,"column":2},"end":{"line":87,"column":null}},"7":{"start":{"line":91,"column":2},"end":{"line":105,"column":null}},"8":{"start":{"line":113,"column":2},"end":{"line":186,"column":null}}},"fnMap":{"0":{"name":"mockProject","decl":{"start":{"line":6,"column":16},"end":{"line":6,"column":28}},"loc":{"start":{"line":6,"column":77},"end":{"line":15,"column":null}},"line":6},"1":{"name":"mockDocument","decl":{"start":{"line":17,"column":16},"end":{"line":17,"column":29}},"loc":{"start":{"line":17,"column":80},"end":{"line":28,"column":null}},"line":17},"2":{"name":"mockCode","decl":{"start":{"line":30,"column":16},"end":{"line":30,"column":25}},"loc":{"start":{"line":30,"column":68},"end":{"line":41,"column":null}},"line":30},"3":{"name":"mockSegment","decl":{"start":{"line":43,"column":16},"end":{"line":43,"column":28}},"loc":{"start":{"line":43,"column":77},"end":{"line":57,"column":null}},"line":43},"4":{"name":"mockAlert","decl":{"start":{"line":59,"column":16},"end":{"line":59,"column":26}},"loc":{"start":{"line":59,"column":79},"end":{"line":65,"column":null}},"line":59},"5":{"name":"mockAnalysis","decl":{"start":{"line":67,"column":16},"end":{"line":67,"column":29}},"loc":{"start":{"line":67,"column":80},"end":{"line":77,"column":null}},"line":67},"6":{"name":"mockChatMessage","decl":{"start":{"line":79,"column":16},"end":{"line":79,"column":32}},"loc":{"start":{"line":79,"column":89},"end":{"line":88,"column":null}},"line":79},"7":{"name":"mockEditEvent","decl":{"start":{"line":90,"column":16},"end":{"line":90,"column":30}},"loc":{"start":{"line":90,"column":83},"end":{"line":106,"column":null}},"line":90},"8":{"name":"defaultStoreState","decl":{"start":{"line":112,"column":16},"end":{"line":112,"column":36}},"loc":{"start":{"line":112,"column":36},"end":{"line":187,"column":null}},"line":112}},"branchMap":{"0":{"loc":{"start":{"line":6,"column":28},"end":{"line":6,"column":77}},"type":"default-arg","locations":[{"start":{"line":6,"column":61},"end":{"line":6,"column":77}}],"line":6},"1":{"loc":{"start":{"line":17,"column":29},"end":{"line":17,"column":80}},"type":"default-arg","locations":[{"start":{"line":17,"column":63},"end":{"line":17,"column":80}}],"line":17},"2":{"loc":{"start":{"line":30,"column":25},"end":{"line":30,"column":68}},"type":"default-arg","locations":[{"start":{"line":30,"column":55},"end":{"line":30,"column":68}}],"line":30},"3":{"loc":{"start":{"line":43,"column":28},"end":{"line":43,"column":77}},"type":"default-arg","locations":[{"start":{"line":43,"column":61},"end":{"line":43,"column":77}}],"line":43},"4":{"loc":{"start":{"line":59,"column":26},"end":{"line":59,"column":79}},"type":"default-arg","locations":[{"start":{"line":59,"column":61},"end":{"line":59,"column":79}}],"line":59},"5":{"loc":{"start":{"line":67,"column":29},"end":{"line":67,"column":80}},"type":"default-arg","locations":[{"start":{"line":67,"column":63},"end":{"line":67,"column":80}}],"line":67},"6":{"loc":{"start":{"line":79,"column":32},"end":{"line":79,"column":89}},"type":"default-arg","locations":[{"start":{"line":79,"column":69},"end":{"line":79,"column":89}}],"line":79},"7":{"loc":{"start":{"line":90,"column":30},"end":{"line":90,"column":83}},"type":"default-arg","locations":[{"start":{"line":90,"column":65},"end":{"line":90,"column":83}}],"line":90}},"s":{"0":124,"1":73,"2":76,"3":67,"4":28,"5":0,"6":7,"7":7,"8":62},"f":{"0":124,"1":73,"2":76,"3":67,"4":28,"5":0,"6":7,"7":7,"8":62},"b":{"0":[124],"1":[73],"2":[76],"3":[67],"4":[28],"5":[0],"6":[7],"7":[7]},"meta":{"lastBranch":8,"lastFunction":9,"lastStatement":9,"seen":{"f:6:16:6:28":0,"b:6:61:6:77":0,"s:7:2:14:Infinity":0,"f:17:16:17:29":1,"b:17:63:17:80":1,"s:18:2:27:Infinity":1,"f:30:16:30:25":2,"b:30:55:30:68":2,"s:31:2:40:Infinity":2,"f:43:16:43:28":3,"b:43:61:43:77":3,"s:44:2:56:Infinity":3,"f:59:16:59:26":4,"b:59:61:59:79":4,"s:60:2:64:Infinity":4,"f:67:16:67:29":5,"b:67:63:67:80":5,"s:68:2:76:Infinity":5,"f:79:16:79:32":6,"b:79:69:79:89":6,"s:80:2:87:Infinity":6,"f:90:16:90:30":7,"b:90:65:90:83":7,"s:91:2:105:Infinity":7,"f:112:16:112:36":8,"s:113:2:186:Infinity":8}}}
,"C:\\Users\\jathi\\OneDrive\\Desktop\\OneDrive - The University of Nottingham\\OneDrive - The University of Nottingham\\Dissertation\\concept-test\\frontend\\src\\components\\AlertsTab.tsx": {"path":"C:\\Users\\jathi\\OneDrive\\Desktop\\OneDrive - The University of Nottingham\\OneDrive - The University of Nottingham\\Dissertation\\concept-test\\frontend\\src\\components\\AlertsTab.tsx","statementMap":{"0":{"start":{"line":12,"column":8},"end":{"line":12,"column":null}},"1":{"start":{"line":12,"column":33},"end":{"line":12,"column":41}},"2":{"start":{"line":13,"column":8},"end":{"line":13,"column":null}},"3":{"start":{"line":13,"column":40},"end":{"line":13,"column":55}},"4":{"start":{"line":14,"column":8},"end":{"line":14,"column":null}},"5":{"start":{"line":14,"column":39},"end":{"line":14,"column":53}},"6":{"start":{"line":15,"column":8},"end":{"line":15,"column":null}},"7":{"start":{"line":15,"column":45},"end":{"line":15,"column":65}},"8":{"start":{"line":16,"column":8},"end":{"line":16,"column":null}},"9":{"start":{"line":16,"column":37},"end":{"line":16,"column":49}},"10":{"start":{"line":17,"column":8},"end":{"line":17,"column":null}},"11":{"start":{"line":17,"column":32},"end":{"line":17,"column":39}},"12":{"start":{"line":19,"column":24},"end":{"line":21,"column":null}},"13":{"start":{"line":20,"column":11},"end":{"line":20,"column":null}},"14":{"start":{"line":23,"column":21},"end":{"line":42,"column":null}},"15":{"start":{"line":25,"column":22},"end":{"line":25,"column":null}},"16":{"start":{"line":26,"column":27},"end":{"line":28,"column":null}},"17":{"start":{"line":27,"column":17},"end":{"line":27,"column":null}},"18":{"start":{"line":29,"column":26},"end":{"line":34,"column":null}},"19":{"start":{"line":31,"column":12},"end":{"line":33,"column":null}},"20":{"start":{"line":35,"column":55},"end":{"line":39,"column":null}},"21":{"start":{"line":40,"column":8},"end":{"line":40,"column":null}},"22":{"start":{"line":44,"column":2},"end":{"line":52,"column":null}},"23":{"start":{"line":45,"column":4},"end":{"line":50,"column":null}},"24":{"start":{"line":54,"column":2},"end":{"line":208,"column":null}},"25":{"start":{"line":66,"column":14},"end":{"line":87,"column":null}},"26":{"start":{"line":95,"column":10},"end":{"line":205,"column":null}},"27":{"start":{"line":104,"column":31},"end":{"line":104,"column":null}},"28":{"start":{"line":138,"column":33},"end":{"line":138,"column":null}},"29":{"start":{"line":145,"column":25},"end":{"line":145,"column":null}},"30":{"start":{"line":149,"column":22},"end":{"line":153,"column":null}},"31":{"start":{"line":161,"column":35},"end":{"line":161,"column":null}},"32":{"start":{"line":180,"column":38},"end":{"line":180,"column":71}},"33":{"start":{"line":180,"column":56},"end":{"line":180,"column":70}},"34":{"start":{"line":182,"column":24},"end":{"line":194,"column":null}},"35":{"start":{"line":185,"column":28},"end":{"line":189,"column":null}},"36":{"start":{"line":197,"column":37},"end":{"line":197,"column":null}}},"fnMap":{"0":{"name":"AlertsTab","decl":{"start":{"line":11,"column":24},"end":{"line":11,"column":56}},"loc":{"start":{"line":11,"column":56},"end":{"line":210,"column":null}},"line":11},"1":{"name":"(anonymous_1)","decl":{"start":{"line":12,"column":26},"end":{"line":12,"column":27}},"loc":{"start":{"line":12,"column":33},"end":{"line":12,"column":41}},"line":12},"2":{"name":"(anonymous_2)","decl":{"start":{"line":13,"column":33},"end":{"line":13,"column":34}},"loc":{"start":{"line":13,"column":40},"end":{"line":13,"column":55}},"line":13},"3":{"name":"(anonymous_3)","decl":{"start":{"line":14,"column":32},"end":{"line":14,"column":33}},"loc":{"start":{"line":14,"column":39},"end":{"line":14,"column":53}},"line":14},"4":{"name":"(anonymous_4)","decl":{"start":{"line":15,"column":38},"end":{"line":15,"column":39}},"loc":{"start":{"line":15,"column":45},"end":{"line":15,"column":65}},"line":15},"5":{"name":"(anonymous_5)","decl":{"start":{"line":16,"column":30},"end":{"line":16,"column":31}},"loc":{"start":{"line":16,"column":37},"end":{"line":16,"column":49}},"line":16},"6":{"name":"(anonymous_6)","decl":{"start":{"line":17,"column":25},"end":{"line":17,"column":26}},"loc":{"start":{"line":17,"column":32},"end":{"line":17,"column":39}},"line":17},"7":{"name":"(anonymous_7)","decl":{"start":{"line":20,"column":4},"end":{"line":20,"column":5}},"loc":{"start":{"line":20,"column":11},"end":{"line":20,"column":null}},"line":20},"8":{"name":"(anonymous_8)","decl":{"start":{"line":24,"column":50},"end":{"line":24,"column":51}},"loc":{"start":{"line":24,"column":59},"end":{"line":41,"column":7}},"line":24},"9":{"name":"(anonymous_9)","decl":{"start":{"line":27,"column":10},"end":{"line":27,"column":11}},"loc":{"start":{"line":27,"column":17},"end":{"line":27,"column":null}},"line":27},"10":{"name":"(anonymous_10)","decl":{"start":{"line":30,"column":10},"end":{"line":30,"column":11}},"loc":{"start":{"line":31,"column":12},"end":{"line":33,"column":null}},"line":31},"11":{"name":"(anonymous_11)","decl":{"start":{"line":65,"column":28},"end":{"line":65,"column":29}},"loc":{"start":{"line":66,"column":14},"end":{"line":87,"column":null}},"line":66},"12":{"name":"(anonymous_12)","decl":{"start":{"line":94,"column":27},"end":{"line":94,"column":28}},"loc":{"start":{"line":95,"column":10},"end":{"line":205,"column":null}},"line":95},"13":{"name":"(anonymous_13)","decl":{"start":{"line":104,"column":25},"end":{"line":104,"column":31}},"loc":{"start":{"line":104,"column":31},"end":{"line":104,"column":null}},"line":104},"14":{"name":"(anonymous_14)","decl":{"start":{"line":138,"column":27},"end":{"line":138,"column":33}},"loc":{"start":{"line":138,"column":33},"end":{"line":138,"column":null}},"line":138},"15":{"name":"(anonymous_15)","decl":{"start":{"line":145,"column":18},"end":{"line":145,"column":19}},"loc":{"start":{"line":145,"column":25},"end":{"line":145,"column":null}},"line":145},"16":{"name":"(anonymous_16)","decl":{"start":{"line":148,"column":29},"end":{"line":148,"column":null}},"loc":{"start":{"line":149,"column":22},"end":{"line":153,"column":null}},"line":149},"17":{"name":"(anonymous_17)","decl":{"start":{"line":161,"column":29},"end":{"line":161,"column":35}},"loc":{"start":{"line":161,"column":35},"end":{"line":161,"column":null}},"line":161},"18":{"name":"(anonymous_18)","decl":{"start":{"line":180,"column":30},"end":{"line":180,"column":31}},"loc":{"start":{"line":180,"column":38},"end":{"line":180,"column":71}},"line":180},"19":{"name":"(anonymous_19)","decl":{"start":{"line":180,"column":49},"end":{"line":180,"column":50}},"loc":{"start":{"line":180,"column":56},"end":{"line":180,"column":70}},"line":180},"20":{"name":"(anonymous_20)","decl":{"start":{"line":181,"column":27},"end":{"line":181,"column":28}},"loc":{"start":{"line":182,"column":24},"end":{"line":194,"column":null}},"line":182},"21":{"name":"(anonymous_21)","decl":{"start":{"line":184,"column":35},"end":{"line":184,"column":null}},"loc":{"start":{"line":185,"column":28},"end":{"line":189,"column":null}},"line":185},"22":{"name":"(anonymous_22)","decl":{"start":{"line":197,"column":31},"end":{"line":197,"column":37}},"loc":{"start":{"line":197,"column":37},"end":{"line":197,"column":null}},"line":197}},"branchMap":{"0":{"loc":{"start":{"line":20,"column":11},"end":{"line":20,"column":null}},"type":"binary-expr","locations":[{"start":{"line":20,"column":11},"end":{"line":20,"column":42}},{"start":{"line":20,"column":42},"end":{"line":20,"column":null}}],"line":20},"1":{"loc":{"start":{"line":23,"column":21},"end":{"line":42,"column":null}},"type":"cond-expr","locations":[{"start":{"line":24,"column":7},"end":{"line":41,"column":null}},{"start":{"line":42,"column":6},"end":{"line":42,"column":null}}],"line":23},"2":{"loc":{"start":{"line":27,"column":17},"end":{"line":27,"column":null}},"type":"binary-expr","locations":[{"start":{"line":27,"column":17},"end":{"line":27,"column":48}},{"start":{"line":27,"column":48},"end":{"line":27,"column":null}}],"line":27},"3":{"loc":{"start":{"line":31,"column":12},"end":{"line":33,"column":null}},"type":"binary-expr","locations":[{"start":{"line":31,"column":12},"end":{"line":31,"column":null}},{"start":{"line":32,"column":13},"end":{"line":32,"column":46}},{"start":{"line":32,"column":46},"end":{"line":32,"column":null}},{"start":{"line":33,"column":13},"end":{"line":33,"column":42}},{"start":{"line":33,"column":42},"end":{"line":33,"column":null}}],"line":31},"4":{"loc":{"start":{"line":35,"column":55},"end":{"line":39,"column":null}},"type":"cond-expr","locations":[{"start":{"line":36,"column":12},"end":{"line":36,"column":null}},{"start":{"line":37,"column":12},"end":{"line":39,"column":null}}],"line":35},"5":{"loc":{"start":{"line":37,"column":12},"end":{"line":39,"column":null}},"type":"cond-expr","locations":[{"start":{"line":38,"column":14},"end":{"line":38,"column":null}},{"start":{"line":39,"column":14},"end":{"line":39,"column":null}}],"line":37},"6":{"loc":{"start":{"line":44,"column":2},"end":{"line":52,"column":null}},"type":"if","locations":[{"start":{"line":44,"column":2},"end":{"line":52,"column":null}},{"start":{},"end":{}}],"line":44},"7":{"loc":{"start":{"line":44,"column":6},"end":{"line":44,"column":52}},"type":"binary-expr","locations":[{"start":{"line":44,"column":6},"end":{"line":44,"column":36}},{"start":{"line":44,"column":36},"end":{"line":44,"column":52}}],"line":44},"8":{"loc":{"start":{"line":56,"column":7},"end":{"line":90,"column":null}},"type":"binary-expr","locations":[{"start":{"line":56,"column":7},"end":{"line":56,"column":null}},{"start":{"line":57,"column":8},"end":{"line":90,"column":null}}],"line":56},"9":{"loc":{"start":{"line":67,"column":17},"end":{"line":72,"column":null}},"type":"cond-expr","locations":[{"start":{"line":68,"column":18},"end":{"line":68,"column":null}},{"start":{"line":69,"column":20},"end":{"line":72,"column":null}}],"line":67},"10":{"loc":{"start":{"line":69,"column":20},"end":{"line":72,"column":null}},"type":"cond-expr","locations":[{"start":{"line":70,"column":18},"end":{"line":70,"column":null}},{"start":{"line":72,"column":18},"end":{"line":72,"column":null}}],"line":69},"11":{"loc":{"start":{"line":77,"column":20},"end":{"line":81,"column":null}},"type":"cond-expr","locations":[{"start":{"line":78,"column":24},"end":{"line":78,"column":null}},{"start":{"line":79,"column":24},"end":{"line":81,"column":null}}],"line":77},"12":{"loc":{"start":{"line":79,"column":24},"end":{"line":81,"column":null}},"type":"cond-expr","locations":[{"start":{"line":80,"column":26},"end":{"line":80,"column":null}},{"start":{"line":81,"column":26},"end":{"line":81,"column":null}}],"line":79},"13":{"loc":{"start":{"line":85,"column":19},"end":{"line":85,"column":null}},"type":"binary-expr","locations":[{"start":{"line":85,"column":19},"end":{"line":85,"column":48}},{"start":{"line":85,"column":48},"end":{"line":85,"column":null}}],"line":85},"14":{"loc":{"start":{"line":102,"column":13},"end":{"line":109,"column":null}},"type":"binary-expr","locations":[{"start":{"line":102,"column":13},"end":{"line":102,"column":null}},{"start":{"line":103,"column":14},"end":{"line":109,"column":null}}],"line":102},"15":{"loc":{"start":{"line":116,"column":13},"end":{"line":124,"column":null}},"type":"cond-expr","locations":[{"start":{"line":118,"column":14},"end":{"line":120,"column":null}},{"start":{"line":122,"column":14},"end":{"line":124,"column":null}}],"line":116},"16":{"loc":{"start":{"line":116,"column":13},"end":{"line":117,"column":null}},"type":"binary-expr","locations":[{"start":{"line":116,"column":13},"end":{"line":116,"column":null}},{"start":{"line":117,"column":13},"end":{"line":117,"column":35}},{"start":{"line":117,"column":35},"end":{"line":117,"column":null}}],"line":116},"17":{"loc":{"start":{"line":119,"column":31},"end":{"line":119,"column":77}},"type":"binary-expr","locations":[{"start":{"line":119,"column":31},"end":{"line":119,"column":53}},{"start":{"line":119,"column":53},"end":{"line":119,"column":77}}],"line":119},"18":{"loc":{"start":{"line":127,"column":13},"end":{"line":132,"column":null}},"type":"binary-expr","locations":[{"start":{"line":127,"column":13},"end":{"line":127,"column":null}},{"start":{"line":128,"column":14},"end":{"line":132,"column":null}}],"line":127},"19":{"loc":{"start":{"line":135,"column":13},"end":{"line":168,"column":null}},"type":"binary-expr","locations":[{"start":{"line":135,"column":13},"end":{"line":135,"column":47}},{"start":{"line":135,"column":47},"end":{"line":135,"column":null}},{"start":{"line":136,"column":14},"end":{"line":168,"column":null}}],"line":135},"20":{"loc":{"start":{"line":143,"column":17},"end":{"line":167,"column":null}},"type":"cond-expr","locations":[{"start":{"line":147,"column":18},"end":{"line":158,"column":null}},{"start":{"line":159,"column":20},"end":{"line":167,"column":null}}],"line":143},"21":{"loc":{"start":{"line":143,"column":17},"end":{"line":146,"column":null}},"type":"binary-expr","locations":[{"start":{"line":143,"column":17},"end":{"line":143,"column":null}},{"start":{"line":144,"column":16},"end":{"line":146,"column":null}}],"line":143},"22":{"loc":{"start":{"line":159,"column":20},"end":{"line":167,"column":null}},"type":"cond-expr","locations":[{"start":{"line":160,"column":18},"end":{"line":166,"column":null}},{"start":{"line":167,"column":20},"end":{"line":167,"column":null}}],"line":159},"23":{"loc":{"start":{"line":171,"column":13},"end":{"line":203,"column":null}},"type":"binary-expr","locations":[{"start":{"line":171,"column":13},"end":{"line":171,"column":null}},{"start":{"line":172,"column":14},"end":{"line":172,"column":null}},{"start":{"line":173,"column":15},"end":{"line":173,"column":null}},{"start":{"line":174,"column":16},"end":{"line":203,"column":null}}],"line":171},"24":{"loc":{"start":{"line":96,"column":34},"end":{"line":96,"column":57}},"type":"binary-expr","locations":[{"start":{"line":96,"column":34},"end":{"line":96,"column":54}},{"start":{"line":96,"column":54},"end":{"line":96,"column":57}}],"line":96}},"s":{"0":15,"1":15,"2":15,"3":15,"4":15,"5":15,"6":15,"7":15,"8":15,"9":15,"10":15,"11":15,"12":15,"13":24,"14":15,"15":2,"16":2,"17":2,"18":2,"19":2,"20":2,"21":2,"22":15,"23":8,"24":7,"25":2,"26":22,"27":1,"28":0,"29":2,"30":0,"31":0,"32":0,"33":0,"34":0,"35":0,"36":0},"f":{"0":15,"1":15,"2":15,"3":15,"4":15,"5":15,"6":15,"7":24,"8":2,"9":2,"10":2,"11":2,"12":22,"13":1,"14":0,"15":2,"16":0,"17":0,"18":0,"19":0,"20":0,"21":0,"22":0},"b":{"0":[24,23],"1":[1,14],"2":[2,2],"3":[2,2,0,2,0],"4":[0,2],"5":[1,1],"6":[8,7],"7":[15,8],"8":[7,1],"9":[1,1],"10":[0,1],"11":[1,1],"12":[0,1],"13":[2,1],"14":[22,21],"15":[1,21],"16":[22,20,19],"17":[1,0],"18":[22,20],"19":[22,1,1],"20":[1,0],"21":[1,1],"22":[0,0],"23":[22,0,0,0],"24":[22,6]},"meta":{"lastBranch":25,"lastFunction":23,"lastStatement":37,"seen":{"f:11:24:11:56":0,"s:12:8:12:Infinity":0,"f:12:26:12:27":1,"s:12:33:12:41":1,"s:13:8:13:Infinity":2,"f:13:33:13:34":2,"s:13:40:13:55":3,"s:14:8:14:Infinity":4,"f:14:32:14:33":3,"s:14:39:14:53":5,"s:15:8:15:Infinity":6,"f:15:38:15:39":4,"s:15:45:15:65":7,"s:16:8:16:Infinity":8,"f:16:30:16:31":5,"s:16:37:16:49":9,"s:17:8:17:Infinity":10,"f:17:25:17:26":6,"s:17:32:17:39":11,"s:19:24:21:Infinity":12,"f:20:4:20:5":7,"s:20:11:20:Infinity":13,"b:20:11:20:42:20:42:20:Infinity":0,"s:23:21:42:Infinity":14,"b:24:7:41:Infinity:42:6:42:Infinity":1,"f:24:50:24:51":8,"s:25:22:25:Infinity":15,"s:26:27:28:Infinity":16,"f:27:10:27:11":9,"s:27:17:27:Infinity":17,"b:27:17:27:48:27:48:27:Infinity":2,"s:29:26:34:Infinity":18,"f:30:10:30:11":10,"s:31:12:33:Infinity":19,"b:31:12:31:Infinity:32:13:32:46:32:46:32:Infinity:33:13:33:42:33:42:33:Infinity":3,"s:35:55:39:Infinity":20,"b:36:12:36:Infinity:37:12:39:Infinity":4,"b:38:14:38:Infinity:39:14:39:Infinity":5,"s:40:8:40:Infinity":21,"b:44:2:52:Infinity:undefined:undefined:undefined:undefined":6,"s:44:2:52:Infinity":22,"b:44:6:44:36:44:36:44:52":7,"s:45:4:50:Infinity":23,"s:54:2:208:Infinity":24,"b:56:7:56:Infinity:57:8:90:Infinity":8,"f:65:28:65:29":11,"s:66:14:87:Infinity":25,"b:68:18:68:Infinity:69:20:72:Infinity":9,"b:70:18:70:Infinity:72:18:72:Infinity":10,"b:78:24:78:Infinity:79:24:81:Infinity":11,"b:80:26:80:Infinity:81:26:81:Infinity":12,"b:85:19:85:48:85:48:85:Infinity":13,"f:94:27:94:28":12,"s:95:10:205:Infinity":26,"b:102:13:102:Infinity:103:14:109:Infinity":14,"f:104:25:104:31":13,"s:104:31:104:Infinity":27,"b:118:14:120:Infinity:122:14:124:Infinity":15,"b:116:13:116:Infinity:117:13:117:35:117:35:117:Infinity":16,"b:119:31:119:53:119:53:119:77":17,"b:127:13:127:Infinity:128:14:132:Infinity":18,"b:135:13:135:47:135:47:135:Infinity:136:14:168:Infinity":19,"f:138:27:138:33":14,"s:138:33:138:Infinity":28,"b:147:18:158:Infinity:159:20:167:Infinity":20,"b:143:17:143:Infinity:144:16:146:Infinity":21,"f:145:18:145:19":15,"s:145:25:145:Infinity":29,"f:148:29:148:Infinity":16,"s:149:22:153:Infinity":30,"b:160:18:166:Infinity:167:20:167:Infinity":22,"f:161:29:161:35":17,"s:161:35:161:Infinity":31,"b:171:13:171:Infinity:172:14:172:Infinity:173:15:173:Infinity:174:16:203:Infinity":23,"f:180:30:180:31":18,"s:180:38:180:71":32,"f:180:49:180:50":19,"s:180:56:180:70":33,"f:181:27:181:28":20,"s:182:24:194:Infinity":34,"f:184:35:184:Infinity":21,"s:185:28:189:Infinity":35,"f:197:31:197:37":22,"s:197:37:197:Infinity":36,"b:96:34:96:54:96:54:96:57":24}}}
,"C:\\Users\\jathi\\OneDrive\\Desktop\\OneDrive - The University of Nottingham\\OneDrive - The University of Nottingham\\Dissertation\\concept-test\\frontend\\src\\components\\ChatTab.tsx": {"path":"C:\\Users\\jathi\\OneDrive\\Desktop\\OneDrive - The University of Nottingham\\OneDrive - The University of Nottingham\\Dissertation\\concept-test\\frontend\\src\\components\\ChatTab.tsx","statementMap":{"0":{"start":{"line":6,"column":20},"end":{"line":10,"column":null}},"1":{"start":{"line":13,"column":28},"end":{"line":13,"column":null}},"2":{"start":{"line":14,"column":8},"end":{"line":14,"column":null}},"3":{"start":{"line":14,"column":39},"end":{"line":14,"column":53}},"4":{"start":{"line":15,"column":8},"end":{"line":15,"column":null}},"5":{"start":{"line":15,"column":40},"end":{"line":15,"column":55}},"6":{"start":{"line":16,"column":8},"end":{"line":16,"column":null}},"7":{"start":{"line":16,"column":42},"end":{"line":16,"column":59}},"8":{"start":{"line":17,"column":8},"end":{"line":17,"column":null}},"9":{"start":{"line":17,"column":36},"end":{"line":17,"column":47}},"10":{"start":{"line":18,"column":8},"end":{"line":18,"column":null}},"11":{"start":{"line":20,"column":2},"end":{"line":23,"column":null}},"12":{"start":{"line":21,"column":15},"end":{"line":21,"column":null}},"13":{"start":{"line":22,"column":4},"end":{"line":22,"column":null}},"14":{"start":{"line":22,"column":12},"end":{"line":22,"column":null}},"15":{"start":{"line":25,"column":21},"end":{"line":30,"column":null}},"16":{"start":{"line":26,"column":17},"end":{"line":26,"column":null}},"17":{"start":{"line":27,"column":4},"end":{"line":27,"column":null}},"18":{"start":{"line":27,"column":32},"end":{"line":27,"column":null}},"19":{"start":{"line":28,"column":4},"end":{"line":28,"column":null}},"20":{"start":{"line":29,"column":4},"end":{"line":29,"column":null}},"21":{"start":{"line":32,"column":2},"end":{"line":131,"column":null}},"22":{"start":{"line":54,"column":16},"end":{"line":63,"column":null}},"23":{"start":{"line":57,"column":20},"end":{"line":57,"column":null}},"24":{"start":{"line":58,"column":20},"end":{"line":58,"column":null}},"25":{"start":{"line":70,"column":10},"end":{"line":90,"column":null}},"26":{"start":{"line":107,"column":27},"end":{"line":107,"column":null}},"27":{"start":{"line":116,"column":28},"end":{"line":116,"column":null}}},"fnMap":{"0":{"name":"ChatTab","decl":{"start":{"line":12,"column":24},"end":{"line":12,"column":34}},"loc":{"start":{"line":12,"column":34},"end":{"line":133,"column":null}},"line":12},"1":{"name":"(anonymous_1)","decl":{"start":{"line":14,"column":32},"end":{"line":14,"column":33}},"loc":{"start":{"line":14,"column":39},"end":{"line":14,"column":53}},"line":14},"2":{"name":"(anonymous_2)","decl":{"start":{"line":15,"column":33},"end":{"line":15,"column":34}},"loc":{"start":{"line":15,"column":40},"end":{"line":15,"column":55}},"line":15},"3":{"name":"(anonymous_3)","decl":{"start":{"line":16,"column":35},"end":{"line":16,"column":36}},"loc":{"start":{"line":16,"column":42},"end":{"line":16,"column":59}},"line":16},"4":{"name":"(anonymous_4)","decl":{"start":{"line":17,"column":29},"end":{"line":17,"column":30}},"loc":{"start":{"line":17,"column":36},"end":{"line":17,"column":47}},"line":17},"5":{"name":"(anonymous_5)","decl":{"start":{"line":20,"column":12},"end":{"line":20,"column":18}},"loc":{"start":{"line":20,"column":18},"end":{"line":23,"column":5}},"line":20},"6":{"name":"(anonymous_6)","decl":{"start":{"line":25,"column":21},"end":{"line":25,"column":27}},"loc":{"start":{"line":25,"column":27},"end":{"line":30,"column":null}},"line":25},"7":{"name":"(anonymous_7)","decl":{"start":{"line":53,"column":31},"end":{"line":53,"column":32}},"loc":{"start":{"line":54,"column":16},"end":{"line":63,"column":null}},"line":54},"8":{"name":"(anonymous_8)","decl":{"start":{"line":56,"column":27},"end":{"line":56,"column":33}},"loc":{"start":{"line":56,"column":33},"end":{"line":59,"column":null}},"line":56},"9":{"name":"(anonymous_9)","decl":{"start":{"line":69,"column":26},"end":{"line":69,"column":27}},"loc":{"start":{"line":70,"column":10},"end":{"line":90,"column":null}},"line":70},"10":{"name":"(anonymous_10)","decl":{"start":{"line":107,"column":20},"end":{"line":107,"column":21}},"loc":{"start":{"line":107,"column":27},"end":{"line":107,"column":null}},"line":107},"11":{"name":"(anonymous_11)","decl":{"start":{"line":116,"column":21},"end":{"line":116,"column":22}},"loc":{"start":{"line":116,"column":28},"end":{"line":116,"column":null}},"line":116}},"branchMap":{"0":{"loc":{"start":{"line":22,"column":4},"end":{"line":22,"column":null}},"type":"if","locations":[{"start":{"line":22,"column":4},"end":{"line":22,"column":null}},{"start":{},"end":{}}],"line":22},"1":{"loc":{"start":{"line":27,"column":4},"end":{"line":27,"column":null}},"type":"if","locations":[{"start":{"line":27,"column":4},"end":{"line":27,"column":null}},{"start":{},"end":{}}],"line":27},"2":{"loc":{"start":{"line":27,"column":8},"end":{"line":27,"column":32}},"type":"binary-expr","locations":[{"start":{"line":27,"column":8},"end":{"line":27,"column":17}},{"start":{"line":27,"column":17},"end":{"line":27,"column":32}}],"line":27},"3":{"loc":{"start":{"line":41,"column":9},"end":{"line":66,"column":null}},"type":"binary-expr","locations":[{"start":{"line":41,"column":9},"end":{"line":41,"column":38}},{"start":{"line":41,"column":38},"end":{"line":41,"column":null}},{"start":{"line":42,"column":10},"end":{"line":66,"column":null}}],"line":41},"4":{"loc":{"start":{"line":73,"column":24},"end":{"line":73,"column":null}},"type":"cond-expr","locations":[{"start":{"line":73,"column":46},"end":{"line":73,"column":63}},{"start":{"line":73,"column":63},"end":{"line":73,"column":null}}],"line":73},"5":{"loc":{"start":{"line":76,"column":14},"end":{"line":78,"column":null}},"type":"cond-expr","locations":[{"start":{"line":77,"column":18},"end":{"line":77,"column":null}},{"start":{"line":78,"column":18},"end":{"line":78,"column":null}}],"line":76},"6":{"loc":{"start":{"line":82,"column":13},"end":{"line":88,"column":null}},"type":"binary-expr","locations":[{"start":{"line":82,"column":13},"end":{"line":82,"column":null}},{"start":{"line":83,"column":14},"end":{"line":83,"column":null}},{"start":{"line":84,"column":14},"end":{"line":84,"column":null}},{"start":{"line":85,"column":16},"end":{"line":88,"column":null}}],"line":82},"7":{"loc":{"start":{"line":71,"column":17},"end":{"line":71,"column":null}},"type":"binary-expr","locations":[{"start":{"line":71,"column":17},"end":{"line":71,"column":27}},{"start":{"line":71,"column":27},"end":{"line":71,"column":null}}],"line":71},"8":{"loc":{"start":{"line":95,"column":9},"end":{"line":103,"column":null}},"type":"binary-expr","locations":[{"start":{"line":95,"column":9},"end":{"line":95,"column":null}},{"start":{"line":96,"column":10},"end":{"line":103,"column":null}}],"line":95},"9":{"loc":{"start":{"line":109,"column":12},"end":{"line":111,"column":null}},"type":"cond-expr","locations":[{"start":{"line":110,"column":16},"end":{"line":110,"column":null}},{"start":{"line":111,"column":16},"end":{"line":111,"column":null}}],"line":109},"10":{"loc":{"start":{"line":116,"column":28},"end":{"line":116,"column":null}},"type":"binary-expr","locations":[{"start":{"line":116,"column":28},"end":{"line":116,"column":49}},{"start":{"line":116,"column":49},"end":{"line":116,"column":null}}],"line":116},"11":{"loc":{"start":{"line":120,"column":20},"end":{"line":120,"column":null}},"type":"binary-expr","locations":[{"start":{"line":120,"column":20},"end":{"line":120,"column":37}},{"start":{"line":120,"column":37},"end":{"line":120,"column":null}}],"line":120},"12":{"loc":{"start":{"line":124,"column":11},"end":{"line":127,"column":null}},"type":"cond-expr","locations":[{"start":{"line":125,"column":12},"end":{"line":125,"column":null}},{"start":{"line":127,"column":12},"end":{"line":127,"column":null}}],"line":124}},"s":{"0":2,"1":10,"2":10,"3":10,"4":10,"5":10,"6":10,"7":10,"8":10,"9":10,"10":10,"11":10,"12":9,"13":9,"14":9,"15":10,"16":0,"17":0,"18":0,"19":0,"20":0,"21":10,"22":9,"23":0,"24":0,"25":8,"26":1,"27":0},"f":{"0":10,"1":10,"2":10,"3":10,"4":10,"5":9,"6":0,"7":9,"8":0,"9":8,"10":1,"11":0},"b":{"0":[9,0],"1":[0,0],"2":[0,0],"3":[10,3,3],"4":[7,1],"5":[7,1],"6":[8,1,1,0],"7":[8,0],"8":[10,7],"9":[1,9],"10":[0,0],"11":[10,9],"12":[1,9]},"meta":{"lastBranch":13,"lastFunction":12,"lastStatement":28,"seen":{"s:6:20:10:Infinity":0,"f:12:24:12:34":0,"s:13:28:13:Infinity":1,"s:14:8:14:Infinity":2,"f:14:32:14:33":1,"s:14:39:14:53":3,"s:15:8:15:Infinity":4,"f:15:33:15:34":2,"s:15:40:15:55":5,"s:16:8:16:Infinity":6,"f:16:35:16:36":3,"s:16:42:16:59":7,"s:17:8:17:Infinity":8,"f:17:29:17:30":4,"s:17:36:17:47":9,"s:18:8:18:Infinity":10,"s:20:2:23:Infinity":11,"f:20:12:20:18":5,"s:21:15:21:Infinity":12,"b:22:4:22:Infinity:undefined:undefined:undefined:undefined":0,"s:22:4:22:Infinity":13,"s:22:12:22:Infinity":14,"s:25:21:30:Infinity":15,"f:25:21:25:27":6,"s:26:17:26:Infinity":16,"b:27:4:27:Infinity:undefined:undefined:undefined:undefined":1,"s:27:4:27:Infinity":17,"b:27:8:27:17:27:17:27:32":2,"s:27:32:27:Infinity":18,"s:28:4:28:Infinity":19,"s:29:4:29:Infinity":20,"s:32:2:131:Infinity":21,"b:41:9:41:38:41:38:41:Infinity:42:10:66:Infinity":3,"f:53:31:53:32":7,"s:54:16:63:Infinity":22,"f:56:27:56:33":8,"s:57:20:57:Infinity":23,"s:58:20:58:Infinity":24,"f:69:26:69:27":9,"s:70:10:90:Infinity":25,"b:73:46:73:63:73:63:73:Infinity":4,"b:77:18:77:Infinity:78:18:78:Infinity":5,"b:82:13:82:Infinity:83:14:83:Infinity:84:14:84:Infinity:85:16:88:Infinity":6,"b:71:17:71:27:71:27:71:Infinity":7,"b:95:9:95:Infinity:96:10:103:Infinity":8,"f:107:20:107:21":10,"s:107:27:107:Infinity":26,"b:110:16:110:Infinity:111:16:111:Infinity":9,"f:116:21:116:22":11,"s:116:28:116:Infinity":27,"b:116:28:116:49:116:49:116:Infinity":10,"b:120:20:120:37:120:37:120:Infinity":11,"b:125:12:125:Infinity:127:12:127:Infinity":12}}}
,"C:\\Users\\jathi\\OneDrive\\Desktop\\OneDrive - The University of Nottingham\\OneDrive - The University of Nottingham\\Dissertation\\concept-test\\frontend\\src\\components\\CodesTabContent.tsx": {"path":"C:\\Users\\jathi\\OneDrive\\Desktop\\OneDrive - The University of Nottingham\\OneDrive - The University of Nottingham\\Dissertation\\concept-test\\frontend\\src\\components\\CodesTabContent.tsx","statementMap":{"0":{"start":{"line":23,"column":8},"end":{"line":23,"column":null}},"1":{"start":{"line":23,"column":38},"end":{"line":23,"column":51}},"2":{"start":{"line":24,"column":8},"end":{"line":24,"column":null}},"3":{"start":{"line":24,"column":32},"end":{"line":24,"column":39}},"4":{"start":{"line":25,"column":8},"end":{"line":25,"column":null}},"5":{"start":{"line":25,"column":39},"end":{"line":25,"column":53}},"6":{"start":{"line":26,"column":8},"end":{"line":26,"column":null}},"7":{"start":{"line":26,"column":40},"end":{"line":26,"column":55}},"8":{"start":{"line":27,"column":8},"end":{"line":27,"column":null}},"9":{"start":{"line":27,"column":34},"end":{"line":27,"column":43}},"10":{"start":{"line":28,"column":8},"end":{"line":28,"column":null}},"11":{"start":{"line":28,"column":37},"end":{"line":28,"column":49}},"12":{"start":{"line":29,"column":8},"end":{"line":29,"column":null}},"13":{"start":{"line":29,"column":47},"end":{"line":29,"column":69}},"14":{"start":{"line":30,"column":8},"end":{"line":30,"column":null}},"15":{"start":{"line":30,"column":35},"end":{"line":30,"column":45}},"16":{"start":{"line":31,"column":8},"end":{"line":31,"column":null}},"17":{"start":{"line":31,"column":39},"end":{"line":31,"column":53}},"18":{"start":{"line":32,"column":8},"end":{"line":32,"column":null}},"19":{"start":{"line":32,"column":48},"end":{"line":32,"column":71}},"20":{"start":{"line":33,"column":8},"end":{"line":33,"column":null}},"21":{"start":{"line":33,"column":42},"end":{"line":33,"column":59}},"22":{"start":{"line":34,"column":8},"end":{"line":34,"column":null}},"23":{"start":{"line":34,"column":45},"end":{"line":34,"column":65}},"24":{"start":{"line":35,"column":8},"end":{"line":35,"column":null}},"25":{"start":{"line":35,"column":42},"end":{"line":35,"column":59}},"26":{"start":{"line":37,"column":38},"end":{"line":37,"column":null}},"27":{"start":{"line":38,"column":48},"end":{"line":38,"column":null}},"28":{"start":{"line":39,"column":42},"end":{"line":39,"column":null}},"29":{"start":{"line":40,"column":46},"end":{"line":40,"column":null}},"30":{"start":{"line":41,"column":36},"end":{"line":41,"column":null}},"31":{"start":{"line":43,"column":24},"end":{"line":45,"column":null}},"32":{"start":{"line":44,"column":4},"end":{"line":44,"column":null}},"33":{"start":{"line":47,"column":24},"end":{"line":53,"column":null}},"34":{"start":{"line":48,"column":4},"end":{"line":48,"column":null}},"35":{"start":{"line":48,"column":30},"end":{"line":48,"column":null}},"36":{"start":{"line":49,"column":10},"end":{"line":49,"column":null}},"37":{"start":{"line":50,"column":4},"end":{"line":50,"column":null}},"38":{"start":{"line":51,"column":4},"end":{"line":51,"column":null}},"39":{"start":{"line":52,"column":4},"end":{"line":52,"column":null}},"40":{"start":{"line":55,"column":27},"end":{"line":58,"column":null}},"41":{"start":{"line":56,"column":4},"end":{"line":56,"column":null}},"42":{"start":{"line":57,"column":4},"end":{"line":57,"column":null}},"43":{"start":{"line":60,"column":24},"end":{"line":67,"column":null}},"44":{"start":{"line":61,"column":4},"end":{"line":66,"column":null}},"45":{"start":{"line":62,"column":6},"end":{"line":62,"column":null}},"46":{"start":{"line":63,"column":6},"end":{"line":63,"column":null}},"47":{"start":{"line":65,"column":6},"end":{"line":65,"column":null}},"48":{"start":{"line":69,"column":2},"end":{"line":212,"column":null}},"49":{"start":{"line":75,"column":29},"end":{"line":75,"column":null}},"50":{"start":{"line":79,"column":30},"end":{"line":79,"column":null}},"51":{"start":{"line":93,"column":29},"end":{"line":93,"column":null}},"52":{"start":{"line":109,"column":31},"end":{"line":109,"column":null}},"53":{"start":{"line":120,"column":31},"end":{"line":120,"column":null}},"54":{"start":{"line":121,"column":33},"end":{"line":121,"column":null}},"55":{"start":{"line":123,"column":12},"end":{"line":208,"column":null}},"56":{"start":{"line":131,"column":33},"end":{"line":131,"column":null}},"57":{"start":{"line":133,"column":20},"end":{"line":137,"column":null}},"58":{"start":{"line":134,"column":22},"end":{"line":134,"column":null}},"59":{"start":{"line":135,"column":22},"end":{"line":135,"column":null}},"60":{"start":{"line":136,"column":22},"end":{"line":136,"column":null}},"61":{"start":{"line":138,"column":20},"end":{"line":141,"column":null}},"62":{"start":{"line":139,"column":22},"end":{"line":139,"column":null}},"63":{"start":{"line":140,"column":22},"end":{"line":140,"column":null}},"64":{"start":{"line":144,"column":20},"end":{"line":144,"column":null}},"65":{"start":{"line":145,"column":20},"end":{"line":145,"column":null}},"66":{"start":{"line":158,"column":20},"end":{"line":158,"column":null}},"67":{"start":{"line":159,"column":20},"end":{"line":159,"column":null}},"68":{"start":{"line":160,"column":20},"end":{"line":160,"column":null}},"69":{"start":{"line":160,"column":38},"end":{"line":160,"column":null}},"70":{"start":{"line":184,"column":34},"end":{"line":184,"column":null}},"71":{"start":{"line":243,"column":19},"end":{"line":243,"column":null}},"72":{"start":{"line":243,"column":40},"end":{"line":243,"column":61}},"73":{"start":{"line":245,"column":2},"end":{"line":373,"column":null}},"74":{"start":{"line":255,"column":16},"end":{"line":255,"column":null}},"75":{"start":{"line":256,"column":16},"end":{"line":256,"column":null}},"76":{"start":{"line":270,"column":31},"end":{"line":270,"column":null}},"77":{"start":{"line":278,"column":31},"end":{"line":278,"column":null}},"78":{"start":{"line":286,"column":18},"end":{"line":286,"column":null}},"79":{"start":{"line":287,"column":18},"end":{"line":287,"column":null}},"80":{"start":{"line":342,"column":12},"end":{"line":342,"column":null}},"81":{"start":{"line":343,"column":12},"end":{"line":343,"column":null}},"82":{"start":{"line":357,"column":25},"end":{"line":357,"column":null}}},"fnMap":{"0":{"name":"CodesTabContent","decl":{"start":{"line":22,"column":24},"end":{"line":22,"column":42}},"loc":{"start":{"line":22,"column":42},"end":{"line":214,"column":null}},"line":22},"1":{"name":"(anonymous_1)","decl":{"start":{"line":23,"column":31},"end":{"line":23,"column":32}},"loc":{"start":{"line":23,"column":38},"end":{"line":23,"column":51}},"line":23},"2":{"name":"(anonymous_2)","decl":{"start":{"line":24,"column":25},"end":{"line":24,"column":26}},"loc":{"start":{"line":24,"column":32},"end":{"line":24,"column":39}},"line":24},"3":{"name":"(anonymous_3)","decl":{"start":{"line":25,"column":32},"end":{"line":25,"column":33}},"loc":{"start":{"line":25,"column":39},"end":{"line":25,"column":53}},"line":25},"4":{"name":"(anonymous_4)","decl":{"start":{"line":26,"column":33},"end":{"line":26,"column":34}},"loc":{"start":{"line":26,"column":40},"end":{"line":26,"column":55}},"line":26},"5":{"name":"(anonymous_5)","decl":{"start":{"line":27,"column":27},"end":{"line":27,"column":28}},"loc":{"start":{"line":27,"column":34},"end":{"line":27,"column":43}},"line":27},"6":{"name":"(anonymous_6)","decl":{"start":{"line":28,"column":30},"end":{"line":28,"column":31}},"loc":{"start":{"line":28,"column":37},"end":{"line":28,"column":49}},"line":28},"7":{"name":"(anonymous_7)","decl":{"start":{"line":29,"column":40},"end":{"line":29,"column":41}},"loc":{"start":{"line":29,"column":47},"end":{"line":29,"column":69}},"line":29},"8":{"name":"(anonymous_8)","decl":{"start":{"line":30,"column":28},"end":{"line":30,"column":29}},"loc":{"start":{"line":30,"column":35},"end":{"line":30,"column":45}},"line":30},"9":{"name":"(anonymous_9)","decl":{"start":{"line":31,"column":32},"end":{"line":31,"column":33}},"loc":{"start":{"line":31,"column":39},"end":{"line":31,"column":53}},"line":31},"10":{"name":"(anonymous_10)","decl":{"start":{"line":32,"column":41},"end":{"line":32,"column":42}},"loc":{"start":{"line":32,"column":48},"end":{"line":32,"column":71}},"line":32},"11":{"name":"(anonymous_11)","decl":{"start":{"line":33,"column":35},"end":{"line":33,"column":36}},"loc":{"start":{"line":33,"column":42},"end":{"line":33,"column":59}},"line":33},"12":{"name":"(anonymous_12)","decl":{"start":{"line":34,"column":38},"end":{"line":34,"column":39}},"loc":{"start":{"line":34,"column":45},"end":{"line":34,"column":65}},"line":34},"13":{"name":"(anonymous_13)","decl":{"start":{"line":35,"column":35},"end":{"line":35,"column":36}},"loc":{"start":{"line":35,"column":42},"end":{"line":35,"column":59}},"line":35},"14":{"name":"(anonymous_14)","decl":{"start":{"line":43,"column":37},"end":{"line":43,"column":38}},"loc":{"start":{"line":44,"column":4},"end":{"line":44,"column":null}},"line":44},"15":{"name":"(anonymous_15)","decl":{"start":{"line":47,"column":24},"end":{"line":47,"column":36}},"loc":{"start":{"line":47,"column":36},"end":{"line":53,"column":null}},"line":47},"16":{"name":"(anonymous_16)","decl":{"start":{"line":55,"column":27},"end":{"line":55,"column":34}},"loc":{"start":{"line":55,"column":70},"end":{"line":58,"column":null}},"line":55},"17":{"name":"(anonymous_17)","decl":{"start":{"line":60,"column":24},"end":{"line":60,"column":31}},"loc":{"start":{"line":60,"column":50},"end":{"line":67,"column":null}},"line":60},"18":{"name":"(anonymous_18)","decl":{"start":{"line":75,"column":22},"end":{"line":75,"column":23}},"loc":{"start":{"line":75,"column":29},"end":{"line":75,"column":null}},"line":75},"19":{"name":"(anonymous_19)","decl":{"start":{"line":79,"column":23},"end":{"line":79,"column":24}},"loc":{"start":{"line":79,"column":30},"end":{"line":79,"column":null}},"line":79},"20":{"name":"(anonymous_20)","decl":{"start":{"line":93,"column":22},"end":{"line":93,"column":23}},"loc":{"start":{"line":93,"column":29},"end":{"line":93,"column":null}},"line":93},"21":{"name":"(anonymous_21)","decl":{"start":{"line":109,"column":24},"end":{"line":109,"column":25}},"loc":{"start":{"line":109,"column":31},"end":{"line":109,"column":null}},"line":109},"22":{"name":"(anonymous_22)","decl":{"start":{"line":119,"column":29},"end":{"line":119,"column":30}},"loc":{"start":{"line":119,"column":39},"end":{"line":210,"column":11}},"line":119},"23":{"name":"(anonymous_23)","decl":{"start":{"line":131,"column":27},"end":{"line":131,"column":33}},"loc":{"start":{"line":131,"column":33},"end":{"line":131,"column":null}},"line":131},"24":{"name":"(anonymous_24)","decl":{"start":{"line":132,"column":29},"end":{"line":132,"column":30}},"loc":{"start":{"line":132,"column":36},"end":{"line":142,"column":null}},"line":132},"25":{"name":"(anonymous_25)","decl":{"start":{"line":143,"column":33},"end":{"line":143,"column":39}},"loc":{"start":{"line":143,"column":39},"end":{"line":146,"column":null}},"line":143},"26":{"name":"(anonymous_26)","decl":{"start":{"line":157,"column":27},"end":{"line":157,"column":28}},"loc":{"start":{"line":157,"column":34},"end":{"line":161,"column":null}},"line":157},"27":{"name":"(anonymous_27)","decl":{"start":{"line":184,"column":27},"end":{"line":184,"column":28}},"loc":{"start":{"line":184,"column":34},"end":{"line":184,"column":null}},"line":184},"28":{"name":"ExpandedCodeDetail","decl":{"start":{"line":230,"column":9},"end":{"line":230,"column":28}},"loc":{"start":{"line":242,"column":48},"end":{"line":375,"column":null}},"line":242},"29":{"name":"(anonymous_29)","decl":{"start":{"line":243,"column":33},"end":{"line":243,"column":34}},"loc":{"start":{"line":243,"column":40},"end":{"line":243,"column":61}},"line":243},"30":{"name":"(anonymous_30)","decl":{"start":{"line":254,"column":23},"end":{"line":254,"column":29}},"loc":{"start":{"line":254,"column":29},"end":{"line":257,"column":null}},"line":254},"31":{"name":"(anonymous_31)","decl":{"start":{"line":270,"column":24},"end":{"line":270,"column":25}},"loc":{"start":{"line":270,"column":31},"end":{"line":270,"column":null}},"line":270},"32":{"name":"(anonymous_32)","decl":{"start":{"line":278,"column":25},"end":{"line":278,"column":31}},"loc":{"start":{"line":278,"column":31},"end":{"line":278,"column":null}},"line":278},"33":{"name":"(anonymous_33)","decl":{"start":{"line":285,"column":25},"end":{"line":285,"column":37}},"loc":{"start":{"line":285,"column":37},"end":{"line":288,"column":null}},"line":285},"34":{"name":"(anonymous_34)","decl":{"start":{"line":341,"column":19},"end":{"line":341,"column":25}},"loc":{"start":{"line":341,"column":25},"end":{"line":344,"column":null}},"line":341},"35":{"name":"(anonymous_35)","decl":{"start":{"line":357,"column":19},"end":{"line":357,"column":25}},"loc":{"start":{"line":357,"column":25},"end":{"line":357,"column":null}},"line":357}},"branchMap":{"0":{"loc":{"start":{"line":48,"column":4},"end":{"line":48,"column":null}},"type":"if","locations":[{"start":{"line":48,"column":4},"end":{"line":48,"column":null}},{"start":{},"end":{}}],"line":48},"1":{"loc":{"start":{"line":50,"column":47},"end":{"line":50,"column":84}},"type":"binary-expr","locations":[{"start":{"line":50,"column":47},"end":{"line":50,"column":75}},{"start":{"line":50,"column":75},"end":{"line":50,"column":84}}],"line":50},"2":{"loc":{"start":{"line":65,"column":12},"end":{"line":65,"column":62}},"type":"cond-expr","locations":[{"start":{"line":65,"column":33},"end":{"line":65,"column":45}},{"start":{"line":65,"column":45},"end":{"line":65,"column":62}}],"line":65},"3":{"loc":{"start":{"line":79,"column":30},"end":{"line":79,"column":null}},"type":"binary-expr","locations":[{"start":{"line":79,"column":30},"end":{"line":79,"column":51}},{"start":{"line":79,"column":51},"end":{"line":79,"column":66}},{"start":{"line":79,"column":66},"end":{"line":79,"column":null}}],"line":79},"4":{"loc":{"start":{"line":90,"column":9},"end":{"line":98,"column":null}},"type":"binary-expr","locations":[{"start":{"line":90,"column":9},"end":{"line":90,"column":null}},{"start":{"line":91,"column":10},"end":{"line":98,"column":null}}],"line":90},"5":{"loc":{"start":{"line":100,"column":9},"end":{"line":114,"column":null}},"type":"binary-expr","locations":[{"start":{"line":100,"column":9},"end":{"line":100,"column":null}},{"start":{"line":101,"column":10},"end":{"line":114,"column":null}}],"line":100},"6":{"loc":{"start":{"line":133,"column":20},"end":{"line":137,"column":null}},"type":"if","locations":[{"start":{"line":133,"column":20},"end":{"line":137,"column":null}},{"start":{},"end":{}}],"line":133},"7":{"loc":{"start":{"line":138,"column":20},"end":{"line":141,"column":null}},"type":"if","locations":[{"start":{"line":138,"column":20},"end":{"line":141,"column":null}},{"start":{},"end":{}}],"line":138},"8":{"loc":{"start":{"line":150,"column":20},"end":{"line":152,"column":null}},"type":"cond-expr","locations":[{"start":{"line":151,"column":24},"end":{"line":151,"column":null}},{"start":{"line":152,"column":24},"end":{"line":152,"column":null}}],"line":150},"9":{"loc":{"start":{"line":159,"column":38},"end":{"line":159,"column":65}},"type":"cond-expr","locations":[{"start":{"line":159,"column":51},"end":{"line":159,"column":58}},{"start":{"line":159,"column":58},"end":{"line":159,"column":65}}],"line":159},"10":{"loc":{"start":{"line":160,"column":20},"end":{"line":160,"column":null}},"type":"if","locations":[{"start":{"line":160,"column":20},"end":{"line":160,"column":null}},{"start":{},"end":{}}],"line":160},"11":{"loc":{"start":{"line":164,"column":33},"end":{"line":164,"column":67}},"type":"cond-expr","locations":[{"start":{"line":164,"column":46},"end":{"line":164,"column":59}},{"start":{"line":164,"column":59},"end":{"line":164,"column":67}}],"line":164},"12":{"loc":{"start":{"line":166,"column":19},"end":{"line":169,"column":null}},"type":"cond-expr","locations":[{"start":{"line":167,"column":20},"end":{"line":167,"column":null}},{"start":{"line":169,"column":20},"end":{"line":169,"column":null}}],"line":166},"13":{"loc":{"start":{"line":193,"column":17},"end":{"line":206,"column":null}},"type":"binary-expr","locations":[{"start":{"line":193,"column":17},"end":{"line":193,"column":null}},{"start":{"line":194,"column":18},"end":{"line":206,"column":null}}],"line":193},"14":{"loc":{"start":{"line":252,"column":11},"end":{"line":263,"column":null}},"type":"binary-expr","locations":[{"start":{"line":252,"column":11},"end":{"line":252,"column":null}},{"start":{"line":253,"column":12},"end":{"line":263,"column":null}}],"line":252},"15":{"loc":{"start":{"line":256,"column":31},"end":{"line":256,"column":52}},"type":"binary-expr","locations":[{"start":{"line":256,"column":31},"end":{"line":256,"column":50}},{"start":{"line":256,"column":50},"end":{"line":256,"column":52}}],"line":256},"16":{"loc":{"start":{"line":266,"column":9},"end":{"line":303,"column":null}},"type":"cond-expr","locations":[{"start":{"line":267,"column":10},"end":{"line":295,"column":null}},{"start":{"line":297,"column":10},"end":{"line":303,"column":null}}],"line":266},"17":{"loc":{"start":{"line":298,"column":13},"end":{"line":301,"column":null}},"type":"binary-expr","locations":[{"start":{"line":298,"column":13},"end":{"line":298,"column":null}},{"start":{"line":299,"column":14},"end":{"line":301,"column":null}}],"line":298},"18":{"loc":{"start":{"line":307,"column":7},"end":{"line":336,"column":null}},"type":"binary-expr","locations":[{"start":{"line":307,"column":7},"end":{"line":307,"column":null}},{"start":{"line":308,"column":8},"end":{"line":336,"column":null}}],"line":307},"19":{"loc":{"start":{"line":314,"column":13},"end":{"line":314,"column":null}},"type":"binary-expr","locations":[{"start":{"line":314,"column":13},"end":{"line":314,"column":36}},{"start":{"line":314,"column":36},"end":{"line":314,"column":null}}],"line":314},"20":{"loc":{"start":{"line":316,"column":11},"end":{"line":324,"column":null}},"type":"binary-expr","locations":[{"start":{"line":316,"column":11},"end":{"line":316,"column":null}},{"start":{"line":317,"column":12},"end":{"line":324,"column":null}}],"line":316},"21":{"loc":{"start":{"line":326,"column":11},"end":{"line":334,"column":null}},"type":"binary-expr","locations":[{"start":{"line":326,"column":11},"end":{"line":326,"column":null}},{"start":{"line":327,"column":12},"end":{"line":334,"column":null}}],"line":326},"22":{"loc":{"start":{"line":347,"column":12},"end":{"line":349,"column":null}},"type":"cond-expr","locations":[{"start":{"line":348,"column":16},"end":{"line":348,"column":null}},{"start":{"line":349,"column":16},"end":{"line":349,"column":null}}],"line":347},"23":{"loc":{"start":{"line":366,"column":7},"end":{"line":371,"column":null}},"type":"binary-expr","locations":[{"start":{"line":366,"column":7},"end":{"line":366,"column":null}},{"start":{"line":367,"column":8},"end":{"line":371,"column":null}}],"line":366}},"s":{"0":8,"1":8,"2":8,"3":8,"4":8,"5":8,"6":8,"7":8,"8":8,"9":8,"10":8,"11":8,"12":8,"13":8,"14":8,"15":8,"16":8,"17":8,"18":8,"19":8,"20":8,"21":8,"22":8,"23":8,"24":8,"25":8,"26":8,"27":8,"28":8,"29":8,"30":8,"31":8,"32":9,"33":8,"34":1,"35":0,"36":1,"37":1,"38":1,"39":1,"40":8,"41":0,"42":0,"43":8,"44":0,"45":0,"46":0,"47":0,"48":8,"49":1,"50":1,"51":0,"52":0,"53":9,"54":9,"55":9,"56":1,"57":0,"58":0,"59":0,"60":0,"61":0,"62":0,"63":0,"64":0,"65":0,"66":0,"67":0,"68":0,"69":0,"70":0,"71":0,"72":0,"73":0,"74":0,"75":0,"76":0,"77":0,"78":0,"79":0,"80":0,"81":0,"82":0},"f":{"0":8,"1":8,"2":8,"3":8,"4":8,"5":8,"6":8,"7":8,"8":8,"9":8,"10":8,"11":8,"12":8,"13":8,"14":9,"15":1,"16":0,"17":0,"18":1,"19":1,"20":0,"21":0,"22":9,"23":1,"24":0,"25":0,"26":0,"27":0,"28":0,"29":0,"30":0,"31":0,"32":0,"33":0,"34":0,"35":0},"b":{"0":[0,1],"1":[1,1],"2":[0,0],"3":[1,1,1],"4":[8,1],"5":[8,1],"6":[0,0],"7":[0,0],"8":[1,8],"9":[0,0],"10":[0,0],"11":[0,9],"12":[0,9],"13":[9,0],"14":[0,0],"15":[0,0],"16":[0,0],"17":[0,0],"18":[0,0],"19":[0,0],"20":[0,0],"21":[0,0],"22":[0,0],"23":[0,0]},"meta":{"lastBranch":24,"lastFunction":36,"lastStatement":83,"seen":{"f:22:24:22:42":0,"s:23:8:23:Infinity":0,"f:23:31:23:32":1,"s:23:38:23:51":1,"s:24:8:24:Infinity":2,"f:24:25:24:26":2,"s:24:32:24:39":3,"s:25:8:25:Infinity":4,"f:25:32:25:33":3,"s:25:39:25:53":5,"s:26:8:26:Infinity":6,"f:26:33:26:34":4,"s:26:40:26:55":7,"s:27:8:27:Infinity":8,"f:27:27:27:28":5,"s:27:34:27:43":9,"s:28:8:28:Infinity":10,"f:28:30:28:31":6,"s:28:37:28:49":11,"s:29:8:29:Infinity":12,"f:29:40:29:41":7,"s:29:47:29:69":13,"s:30:8:30:Infinity":14,"f:30:28:30:29":8,"s:30:35:30:45":15,"s:31:8:31:Infinity":16,"f:31:32:31:33":9,"s:31:39:31:53":17,"s:32:8:32:Infinity":18,"f:32:41:32:42":10,"s:32:48:32:71":19,"s:33:8:33:Infinity":20,"f:33:35:33:36":11,"s:33:42:33:59":21,"s:34:8:34:Infinity":22,"f:34:38:34:39":12,"s:34:45:34:65":23,"s:35:8:35:Infinity":24,"f:35:35:35:36":13,"s:35:42:35:59":25,"s:37:38:37:Infinity":26,"s:38:48:38:Infinity":27,"s:39:42:39:Infinity":28,"s:40:46:40:Infinity":29,"s:41:36:41:Infinity":30,"s:43:24:45:Infinity":31,"f:43:37:43:38":14,"s:44:4:44:Infinity":32,"s:47:24:53:Infinity":33,"f:47:24:47:36":15,"b:48:4:48:Infinity:undefined:undefined:undefined:undefined":0,"s:48:4:48:Infinity":34,"s:48:30:48:Infinity":35,"s:49:10:49:Infinity":36,"s:50:4:50:Infinity":37,"b:50:47:50:75:50:75:50:84":1,"s:51:4:51:Infinity":38,"s:52:4:52:Infinity":39,"s:55:27:58:Infinity":40,"f:55:27:55:34":16,"s:56:4:56:Infinity":41,"s:57:4:57:Infinity":42,"s:60:24:67:Infinity":43,"f:60:24:60:31":17,"s:61:4:66:Infinity":44,"s:62:6:62:Infinity":45,"s:63:6:63:Infinity":46,"s:65:6:65:Infinity":47,"b:65:33:65:45:65:45:65:62":2,"s:69:2:212:Infinity":48,"f:75:22:75:23":18,"s:75:29:75:Infinity":49,"f:79:23:79:24":19,"s:79:30:79:Infinity":50,"b:79:30:79:51:79:51:79:66:79:66:79:Infinity":3,"b:90:9:90:Infinity:91:10:98:Infinity":4,"f:93:22:93:23":20,"s:93:29:93:Infinity":51,"b:100:9:100:Infinity:101:10:114:Infinity":5,"f:109:24:109:25":21,"s:109:31:109:Infinity":52,"f:119:29:119:30":22,"s:120:31:120:Infinity":53,"s:121:33:121:Infinity":54,"s:123:12:208:Infinity":55,"f:131:27:131:33":23,"s:131:33:131:Infinity":56,"f:132:29:132:30":24,"b:133:20:137:Infinity:undefined:undefined:undefined:undefined":6,"s:133:20:137:Infinity":57,"s:134:22:134:Infinity":58,"s:135:22:135:Infinity":59,"s:136:22:136:Infinity":60,"b:138:20:141:Infinity:undefined:undefined:undefined:undefined":7,"s:138:20:141:Infinity":61,"s:139:22:139:Infinity":62,"s:140:22:140:Infinity":63,"f:143:33:143:39":25,"s:144:20:144:Infinity":64,"s:145:20:145:Infinity":65,"b:151:24:151:Infinity:152:24:152:Infinity":8,"f:157:27:157:28":26,"s:158:20:158:Infinity":66,"s:159:20:159:Infinity":67,"b:159:51:159:58:159:58:159:65":9,"b:160:20:160:Infinity:undefined:undefined:undefined:undefined":10,"s:160:20:160:Infinity":68,"s:160:38:160:Infinity":69,"b:164:46:164:59:164:59:164:67":11,"b:167:20:167:Infinity:169:20:169:Infinity":12,"f:184:27:184:28":27,"s:184:34:184:Infinity":70,"b:193:17:193:Infinity:194:18:206:Infinity":13,"f:230:9:230:28":28,"s:243:19:243:Infinity":71,"f:243:33:243:34":29,"s:243:40:243:61":72,"s:245:2:373:Infinity":73,"b:252:11:252:Infinity:253:12:263:Infinity":14,"f:254:23:254:29":30,"s:255:16:255:Infinity":74,"s:256:16:256:Infinity":75,"b:256:31:256:50:256:50:256:52":15,"b:267:10:295:Infinity:297:10:303:Infinity":16,"f:270:24:270:25":31,"s:270:31:270:Infinity":76,"f:278:25:278:31":32,"s:278:31:278:Infinity":77,"f:285:25:285:37":33,"s:286:18:286:Infinity":78,"s:287:18:287:Infinity":79,"b:298:13:298:Infinity:299:14:301:Infinity":17,"b:307:7:307:Infinity:308:8:336:Infinity":18,"b:314:13:314:36:314:36:314:Infinity":19,"b:316:11:316:Infinity:317:12:324:Infinity":20,"b:326:11:326:Infinity:327:12:334:Infinity":21,"f:341:19:341:25":34,"s:342:12:342:Infinity":80,"s:343:12:343:Infinity":81,"b:348:16:348:Infinity:349:16:349:Infinity":22,"f:357:19:357:25":35,"s:357:25:357:Infinity":82,"b:366:7:366:Infinity:367:8:371:Infinity":23}}}
,"C:\\Users\\jathi\\OneDrive\\Desktop\\OneDrive - The University of Nottingham\\OneDrive - The University of Nottingham\\Dissertation\\concept-test\\frontend\\src\\components\\CodingAuditDetail.tsx": {"path":"C:\\Users\\jathi\\OneDrive\\Desktop\\OneDrive - The University of Nottingham\\OneDrive - The University of Nottingham\\Dissertation\\concept-test\\frontend\\src\\components\\CodingAuditDetail.tsx","statementMap":{"0":{"start":{"line":26,"column":30},"end":{"line":26,"column":null}},"1":{"start":{"line":27,"column":32},"end":{"line":27,"column":null}},"2":{"start":{"line":29,"column":19},"end":{"line":29,"column":null}},"3":{"start":{"line":30,"column":20},"end":{"line":30,"column":null}},"4":{"start":{"line":31,"column":2},"end":{"line":31,"column":null}},"5":{"start":{"line":31,"column":31},"end":{"line":31,"column":null}},"6":{"start":{"line":33,"column":29},"end":{"line":37,"column":null}},"7":{"start":{"line":35,"column":8},"end":{"line":35,"column":null}},"8":{"start":{"line":35,"column":29},"end":{"line":35,"column":45}},"9":{"start":{"line":39,"column":2},"end":{"line":164,"column":null}},"10":{"start":{"line":44,"column":27},"end":{"line":44,"column":null}},"11":{"start":{"line":76,"column":20},"end":{"line":84,"column":null}},"12":{"start":{"line":79,"column":24},"end":{"line":79,"column":null}},"13":{"start":{"line":87,"column":35},"end":{"line":87,"column":null}},"14":{"start":{"line":102,"column":27},"end":{"line":102,"column":null}},"15":{"start":{"line":137,"column":25},"end":{"line":137,"column":null}},"16":{"start":{"line":141,"column":37},"end":{"line":141,"column":null}},"17":{"start":{"line":148,"column":24},"end":{"line":152,"column":null}}},"fnMap":{"0":{"name":"CodingAuditDetail","decl":{"start":{"line":19,"column":24},"end":{"line":19,"column":42}},"loc":{"start":{"line":25,"column":54},"end":{"line":166,"column":null}},"line":25},"1":{"name":"(anonymous_1)","decl":{"start":{"line":34,"column":54},"end":{"line":34,"column":55}},"loc":{"start":{"line":35,"column":8},"end":{"line":35,"column":null}},"line":35},"2":{"name":"(anonymous_2)","decl":{"start":{"line":35,"column":19},"end":{"line":35,"column":20}},"loc":{"start":{"line":35,"column":29},"end":{"line":35,"column":45}},"line":35},"3":{"name":"(anonymous_3)","decl":{"start":{"line":44,"column":21},"end":{"line":44,"column":27}},"loc":{"start":{"line":44,"column":27},"end":{"line":44,"column":null}},"line":44},"4":{"name":"(anonymous_4)","decl":{"start":{"line":75,"column":32},"end":{"line":75,"column":33}},"loc":{"start":{"line":76,"column":20},"end":{"line":84,"column":null}},"line":76},"5":{"name":"(anonymous_5)","decl":{"start":{"line":78,"column":31},"end":{"line":78,"column":null}},"loc":{"start":{"line":79,"column":24},"end":{"line":79,"column":null}},"line":79},"6":{"name":"(anonymous_6)","decl":{"start":{"line":87,"column":29},"end":{"line":87,"column":35}},"loc":{"start":{"line":87,"column":35},"end":{"line":87,"column":null}},"line":87},"7":{"name":"(anonymous_7)","decl":{"start":{"line":102,"column":21},"end":{"line":102,"column":27}},"loc":{"start":{"line":102,"column":27},"end":{"line":102,"column":null}},"line":102},"8":{"name":"(anonymous_8)","decl":{"start":{"line":137,"column":18},"end":{"line":137,"column":19}},"loc":{"start":{"line":137,"column":25},"end":{"line":137,"column":null}},"line":137},"9":{"name":"(anonymous_9)","decl":{"start":{"line":141,"column":31},"end":{"line":141,"column":37}},"loc":{"start":{"line":141,"column":37},"end":{"line":141,"column":null}},"line":141},"10":{"name":"(anonymous_10)","decl":{"start":{"line":147,"column":31},"end":{"line":147,"column":null}},"loc":{"start":{"line":148,"column":24},"end":{"line":152,"column":null}},"line":148}},"branchMap":{"0":{"loc":{"start":{"line":31,"column":2},"end":{"line":31,"column":null}},"type":"if","locations":[{"start":{"line":31,"column":2},"end":{"line":31,"column":null}},{"start":{},"end":{}}],"line":31},"1":{"loc":{"start":{"line":31,"column":6},"end":{"line":31,"column":31}},"type":"binary-expr","locations":[{"start":{"line":31,"column":6},"end":{"line":31,"column":19}},{"start":{"line":31,"column":19},"end":{"line":31,"column":31}}],"line":31},"2":{"loc":{"start":{"line":33,"column":29},"end":{"line":37,"column":null}},"type":"cond-expr","locations":[{"start":{"line":34,"column":7},"end":{"line":36,"column":null}},{"start":{"line":37,"column":6},"end":{"line":37,"column":null}}],"line":33},"3":{"loc":{"start":{"line":41,"column":7},"end":{"line":96,"column":null}},"type":"binary-expr","locations":[{"start":{"line":41,"column":7},"end":{"line":41,"column":null}},{"start":{"line":42,"column":8},"end":{"line":96,"column":null}}],"line":41},"4":{"loc":{"start":{"line":54,"column":16},"end":{"line":54,"column":null}},"type":"cond-expr","locations":[{"start":{"line":54,"column":41},"end":{"line":54,"column":60}},{"start":{"line":54,"column":60},"end":{"line":54,"column":null}}],"line":54},"5":{"loc":{"start":{"line":57,"column":16},"end":{"line":57,"column":null}},"type":"binary-expr","locations":[{"start":{"line":57,"column":16},"end":{"line":57,"column":57}},{"start":{"line":57,"column":57},"end":{"line":57,"column":null}}],"line":57},"6":{"loc":{"start":{"line":59,"column":13},"end":{"line":59,"column":null}},"type":"cond-expr","locations":[{"start":{"line":59,"column":24},"end":{"line":59,"column":70}},{"start":{"line":59,"column":70},"end":{"line":59,"column":null}}],"line":59},"7":{"loc":{"start":{"line":61,"column":11},"end":{"line":94,"column":null}},"type":"binary-expr","locations":[{"start":{"line":61,"column":11},"end":{"line":61,"column":null}},{"start":{"line":62,"column":12},"end":{"line":94,"column":null}}],"line":61},"8":{"loc":{"start":{"line":63,"column":15},"end":{"line":67,"column":null}},"type":"cond-expr","locations":[{"start":{"line":64,"column":16},"end":{"line":66,"column":null}},{"start":{"line":67,"column":18},"end":{"line":67,"column":null}}],"line":63},"9":{"loc":{"start":{"line":68,"column":15},"end":{"line":72,"column":null}},"type":"cond-expr","locations":[{"start":{"line":69,"column":16},"end":{"line":71,"column":null}},{"start":{"line":72,"column":18},"end":{"line":72,"column":null}}],"line":68},"10":{"loc":{"start":{"line":73,"column":15},"end":{"line":92,"column":null}},"type":"binary-expr","locations":[{"start":{"line":73,"column":15},"end":{"line":73,"column":null}},{"start":{"line":74,"column":16},"end":{"line":92,"column":null}}],"line":73},"11":{"loc":{"start":{"line":99,"column":7},"end":{"line":162,"column":null}},"type":"binary-expr","locations":[{"start":{"line":99,"column":7},"end":{"line":99,"column":null}},{"start":{"line":100,"column":8},"end":{"line":162,"column":null}}],"line":99},"12":{"loc":{"start":{"line":112,"column":16},"end":{"line":112,"column":null}},"type":"cond-expr","locations":[{"start":{"line":112,"column":40},"end":{"line":112,"column":57}},{"start":{"line":112,"column":57},"end":{"line":112,"column":null}}],"line":112},"13":{"loc":{"start":{"line":115,"column":15},"end":{"line":115,"column":null}},"type":"cond-expr","locations":[{"start":{"line":115,"column":39},"end":{"line":115,"column":52}},{"start":{"line":115,"column":52},"end":{"line":115,"column":null}}],"line":115},"14":{"loc":{"start":{"line":117,"column":13},"end":{"line":117,"column":null}},"type":"cond-expr","locations":[{"start":{"line":117,"column":25},"end":{"line":117,"column":71}},{"start":{"line":117,"column":71},"end":{"line":117,"column":null}}],"line":117},"15":{"loc":{"start":{"line":119,"column":11},"end":{"line":160,"column":null}},"type":"binary-expr","locations":[{"start":{"line":119,"column":11},"end":{"line":119,"column":null}},{"start":{"line":120,"column":12},"end":{"line":160,"column":null}}],"line":119},"16":{"loc":{"start":{"line":121,"column":15},"end":{"line":128,"column":null}},"type":"cond-expr","locations":[{"start":{"line":122,"column":16},"end":{"line":127,"column":null}},{"start":{"line":128,"column":18},"end":{"line":128,"column":null}}],"line":121},"17":{"loc":{"start":{"line":129,"column":15},"end":{"line":133,"column":null}},"type":"cond-expr","locations":[{"start":{"line":130,"column":16},"end":{"line":132,"column":null}},{"start":{"line":133,"column":18},"end":{"line":133,"column":null}}],"line":129},"18":{"loc":{"start":{"line":134,"column":15},"end":{"line":159,"column":null}},"type":"cond-expr","locations":[{"start":{"line":139,"column":18},"end":{"line":158,"column":null}},{"start":{"line":159,"column":20},"end":{"line":159,"column":null}}],"line":134},"19":{"loc":{"start":{"line":134,"column":15},"end":{"line":138,"column":null}},"type":"binary-expr","locations":[{"start":{"line":134,"column":15},"end":{"line":134,"column":null}},{"start":{"line":135,"column":16},"end":{"line":135,"column":null}},{"start":{"line":136,"column":16},"end":{"line":138,"column":null}}],"line":134}},"s":{"0":9,"1":9,"2":9,"3":9,"4":9,"5":1,"6":8,"7":5,"8":10,"9":9,"10":2,"11":2,"12":0,"13":0,"14":1,"15":2,"16":0,"17":1},"f":{"0":9,"1":5,"2":10,"3":2,"4":2,"5":0,"6":0,"7":1,"8":2,"9":0,"10":1},"b":{"0":[1,8],"1":[9,4],"2":[5,3],"3":[9,5],"4":[0,5],"5":[5,5],"6":[2,3],"7":[5,2],"8":[2,0],"9":[2,0],"10":[2,2],"11":[9,3],"12":[3,0],"13":[3,0],"14":[1,2],"15":[3,1],"16":[1,0],"17":[1,0],"18":[1,0],"19":[1,1,1]},"meta":{"lastBranch":20,"lastFunction":11,"lastStatement":18,"seen":{"f:19:24:19:42":0,"s:26:30:26:Infinity":0,"s:27:32:27:Infinity":1,"s:29:19:29:Infinity":2,"s:30:20:30:Infinity":3,"b:31:2:31:Infinity:undefined:undefined:undefined:undefined":0,"s:31:2:31:Infinity":4,"b:31:6:31:19:31:19:31:31":1,"s:31:31:31:Infinity":5,"s:33:29:37:Infinity":6,"b:34:7:36:Infinity:37:6:37:Infinity":2,"f:34:54:34:55":1,"s:35:8:35:Infinity":7,"f:35:19:35:20":2,"s:35:29:35:45":8,"s:39:2:164:Infinity":9,"b:41:7:41:Infinity:42:8:96:Infinity":3,"f:44:21:44:27":3,"s:44:27:44:Infinity":10,"b:54:41:54:60:54:60:54:Infinity":4,"b:57:16:57:57:57:57:57:Infinity":5,"b:59:24:59:70:59:70:59:Infinity":6,"b:61:11:61:Infinity:62:12:94:Infinity":7,"b:64:16:66:Infinity:67:18:67:Infinity":8,"b:69:16:71:Infinity:72:18:72:Infinity":9,"b:73:15:73:Infinity:74:16:92:Infinity":10,"f:75:32:75:33":4,"s:76:20:84:Infinity":11,"f:78:31:78:Infinity":5,"s:79:24:79:Infinity":12,"f:87:29:87:35":6,"s:87:35:87:Infinity":13,"b:99:7:99:Infinity:100:8:162:Infinity":11,"f:102:21:102:27":7,"s:102:27:102:Infinity":14,"b:112:40:112:57:112:57:112:Infinity":12,"b:115:39:115:52:115:52:115:Infinity":13,"b:117:25:117:71:117:71:117:Infinity":14,"b:119:11:119:Infinity:120:12:160:Infinity":15,"b:122:16:127:Infinity:128:18:128:Infinity":16,"b:130:16:132:Infinity:133:18:133:Infinity":17,"b:139:18:158:Infinity:159:20:159:Infinity":18,"b:134:15:134:Infinity:135:16:135:Infinity:136:16:138:Infinity":19,"f:137:18:137:19":8,"s:137:25:137:Infinity":15,"f:141:31:141:37":9,"s:141:37:141:Infinity":16,"f:147:31:147:Infinity":10,"s:148:24:152:Infinity":17}}}
,"C:\\Users\\jathi\\OneDrive\\Desktop\\OneDrive - The University of Nottingham\\OneDrive - The University of Nottingham\\Dissertation\\concept-test\\frontend\\src\\components\\DocumentsTabContent.tsx": {"path":"C:\\Users\\jathi\\OneDrive\\Desktop\\OneDrive - The University of Nottingham\\OneDrive - The University of Nottingham\\Dissertation\\concept-test\\frontend\\src\\components\\DocumentsTabContent.tsx","statementMap":{"0":{"start":{"line":11,"column":8},"end":{"line":11,"column":null}},"1":{"start":{"line":11,"column":36},"end":{"line":11,"column":47}},"2":{"start":{"line":12,"column":8},"end":{"line":12,"column":null}},"3":{"start":{"line":12,"column":43},"end":{"line":12,"column":61}},"4":{"start":{"line":13,"column":8},"end":{"line":13,"column":null}},"5":{"start":{"line":13,"column":44},"end":{"line":13,"column":63}},"6":{"start":{"line":14,"column":8},"end":{"line":14,"column":null}},"7":{"start":{"line":14,"column":39},"end":{"line":14,"column":53}},"8":{"start":{"line":15,"column":8},"end":{"line":15,"column":null}},"9":{"start":{"line":15,"column":44},"end":{"line":15,"column":63}},"10":{"start":{"line":16,"column":8},"end":{"line":16,"column":null}},"11":{"start":{"line":16,"column":41},"end":{"line":16,"column":57}},"12":{"start":{"line":17,"column":8},"end":{"line":17,"column":null}},"13":{"start":{"line":17,"column":41},"end":{"line":17,"column":57}},"14":{"start":{"line":18,"column":8},"end":{"line":18,"column":null}},"15":{"start":{"line":18,"column":44},"end":{"line":18,"column":63}},"16":{"start":{"line":20,"column":23},"end":{"line":22,"column":null}},"17":{"start":{"line":21,"column":4},"end":{"line":21,"column":null}},"18":{"start":{"line":24,"column":31},"end":{"line":28,"column":null}},"19":{"start":{"line":25,"column":4},"end":{"line":25,"column":null}},"20":{"start":{"line":26,"column":4},"end":{"line":26,"column":null}},"21":{"start":{"line":26,"column":70},"end":{"line":26,"column":null}},"22":{"start":{"line":27,"column":4},"end":{"line":27,"column":null}},"23":{"start":{"line":30,"column":2},"end":{"line":109,"column":null}},"24":{"start":{"line":42,"column":31},"end":{"line":42,"column":null}},"25":{"start":{"line":61,"column":29},"end":{"line":61,"column":null}},"26":{"start":{"line":70,"column":12},"end":{"line":106,"column":null}},"27":{"start":{"line":76,"column":16},"end":{"line":76,"column":null}},"28":{"start":{"line":77,"column":16},"end":{"line":77,"column":null}},"29":{"start":{"line":78,"column":16},"end":{"line":78,"column":null}},"30":{"start":{"line":81,"column":16},"end":{"line":86,"column":null}},"31":{"start":{"line":82,"column":18},"end":{"line":82,"column":null}},"32":{"start":{"line":83,"column":18},"end":{"line":83,"column":null}},"33":{"start":{"line":84,"column":18},"end":{"line":84,"column":null}},"34":{"start":{"line":85,"column":18},"end":{"line":85,"column":null}},"35":{"start":{"line":99,"column":32},"end":{"line":99,"column":null}}},"fnMap":{"0":{"name":"DocumentsTabContent","decl":{"start":{"line":10,"column":24},"end":{"line":10,"column":46}},"loc":{"start":{"line":10,"column":46},"end":{"line":111,"column":null}},"line":10},"1":{"name":"(anonymous_1)","decl":{"start":{"line":11,"column":29},"end":{"line":11,"column":30}},"loc":{"start":{"line":11,"column":36},"end":{"line":11,"column":47}},"line":11},"2":{"name":"(anonymous_2)","decl":{"start":{"line":12,"column":36},"end":{"line":12,"column":37}},"loc":{"start":{"line":12,"column":43},"end":{"line":12,"column":61}},"line":12},"3":{"name":"(anonymous_3)","decl":{"start":{"line":13,"column":37},"end":{"line":13,"column":38}},"loc":{"start":{"line":13,"column":44},"end":{"line":13,"column":63}},"line":13},"4":{"name":"(anonymous_4)","decl":{"start":{"line":14,"column":32},"end":{"line":14,"column":33}},"loc":{"start":{"line":14,"column":39},"end":{"line":14,"column":53}},"line":14},"5":{"name":"(anonymous_5)","decl":{"start":{"line":15,"column":37},"end":{"line":15,"column":38}},"loc":{"start":{"line":15,"column":44},"end":{"line":15,"column":63}},"line":15},"6":{"name":"(anonymous_6)","decl":{"start":{"line":16,"column":34},"end":{"line":16,"column":35}},"loc":{"start":{"line":16,"column":41},"end":{"line":16,"column":57}},"line":16},"7":{"name":"(anonymous_7)","decl":{"start":{"line":17,"column":34},"end":{"line":17,"column":35}},"loc":{"start":{"line":17,"column":41},"end":{"line":17,"column":57}},"line":17},"8":{"name":"(anonymous_8)","decl":{"start":{"line":18,"column":37},"end":{"line":18,"column":38}},"loc":{"start":{"line":18,"column":44},"end":{"line":18,"column":63}},"line":18},"9":{"name":"(anonymous_9)","decl":{"start":{"line":20,"column":40},"end":{"line":20,"column":41}},"loc":{"start":{"line":21,"column":4},"end":{"line":21,"column":null}},"line":21},"10":{"name":"(anonymous_10)","decl":{"start":{"line":24,"column":31},"end":{"line":24,"column":38}},"loc":{"start":{"line":24,"column":74},"end":{"line":28,"column":null}},"line":24},"11":{"name":"(anonymous_11)","decl":{"start":{"line":42,"column":24},"end":{"line":42,"column":25}},"loc":{"start":{"line":42,"column":31},"end":{"line":42,"column":null}},"line":42},"12":{"name":"(anonymous_12)","decl":{"start":{"line":61,"column":23},"end":{"line":61,"column":29}},"loc":{"start":{"line":61,"column":29},"end":{"line":61,"column":null}},"line":61},"13":{"name":"(anonymous_13)","decl":{"start":{"line":69,"column":28},"end":{"line":69,"column":29}},"loc":{"start":{"line":70,"column":12},"end":{"line":106,"column":null}},"line":70},"14":{"name":"(anonymous_14)","decl":{"start":{"line":75,"column":23},"end":{"line":75,"column":29}},"loc":{"start":{"line":75,"column":29},"end":{"line":79,"column":null}},"line":75},"15":{"name":"(anonymous_15)","decl":{"start":{"line":80,"column":25},"end":{"line":80,"column":26}},"loc":{"start":{"line":80,"column":32},"end":{"line":87,"column":null}},"line":80},"16":{"name":"(anonymous_16)","decl":{"start":{"line":99,"column":25},"end":{"line":99,"column":26}},"loc":{"start":{"line":99,"column":32},"end":{"line":99,"column":null}},"line":99}},"branchMap":{"0":{"loc":{"start":{"line":26,"column":4},"end":{"line":26,"column":null}},"type":"if","locations":[{"start":{"line":26,"column":4},"end":{"line":26,"column":null}},{"start":{},"end":{}}],"line":26},"1":{"loc":{"start":{"line":32,"column":7},"end":{"line":48,"column":null}},"type":"binary-expr","locations":[{"start":{"line":32,"column":7},"end":{"line":32,"column":null}},{"start":{"line":33,"column":8},"end":{"line":48,"column":null}}],"line":32},"2":{"loc":{"start":{"line":52,"column":9},"end":{"line":67,"column":null}},"type":"binary-expr","locations":[{"start":{"line":52,"column":9},"end":{"line":52,"column":null}},{"start":{"line":53,"column":10},"end":{"line":67,"column":null}}],"line":52},"3":{"loc":{"start":{"line":81,"column":16},"end":{"line":86,"column":null}},"type":"if","locations":[{"start":{"line":81,"column":16},"end":{"line":86,"column":null}},{"start":{},"end":{}}],"line":81},"4":{"loc":{"start":{"line":81,"column":20},"end":{"line":81,"column":56}},"type":"binary-expr","locations":[{"start":{"line":81,"column":20},"end":{"line":81,"column":41}},{"start":{"line":81,"column":41},"end":{"line":81,"column":56}}],"line":81},"5":{"loc":{"start":{"line":91,"column":16},"end":{"line":93,"column":null}},"type":"cond-expr","locations":[{"start":{"line":92,"column":20},"end":{"line":92,"column":null}},{"start":{"line":93,"column":20},"end":{"line":93,"column":null}}],"line":91}},"s":{"0":7,"1":7,"2":7,"3":7,"4":7,"5":7,"6":7,"7":7,"8":7,"9":7,"10":7,"11":7,"12":7,"13":7,"14":7,"15":7,"16":7,"17":10,"18":7,"19":0,"20":0,"21":0,"22":0,"23":7,"24":0,"25":0,"26":10,"27":1,"28":1,"29":1,"30":0,"31":0,"32":0,"33":0,"34":0,"35":0},"f":{"0":7,"1":7,"2":7,"3":7,"4":7,"5":7,"6":7,"7":7,"8":7,"9":10,"10":0,"11":0,"12":0,"13":10,"14":1,"15":0,"16":0},"b":{"0":[0,0],"1":[7,1],"2":[7,1],"3":[0,0],"4":[0,0],"5":[4,6]},"meta":{"lastBranch":6,"lastFunction":17,"lastStatement":36,"seen":{"f:10:24:10:46":0,"s:11:8:11:Infinity":0,"f:11:29:11:30":1,"s:11:36:11:47":1,"s:12:8:12:Infinity":2,"f:12:36:12:37":2,"s:12:43:12:61":3,"s:13:8:13:Infinity":4,"f:13:37:13:38":3,"s:13:44:13:63":5,"s:14:8:14:Infinity":6,"f:14:32:14:33":4,"s:14:39:14:53":7,"s:15:8:15:Infinity":8,"f:15:37:15:38":5,"s:15:44:15:63":9,"s:16:8:16:Infinity":10,"f:16:34:16:35":6,"s:16:41:16:57":11,"s:17:8:17:Infinity":12,"f:17:34:17:35":7,"s:17:41:17:57":13,"s:18:8:18:Infinity":14,"f:18:37:18:38":8,"s:18:44:18:63":15,"s:20:23:22:Infinity":16,"f:20:40:20:41":9,"s:21:4:21:Infinity":17,"s:24:31:28:Infinity":18,"f:24:31:24:38":10,"s:25:4:25:Infinity":19,"b:26:4:26:Infinity:undefined:undefined:undefined:undefined":0,"s:26:4:26:Infinity":20,"s:26:70:26:Infinity":21,"s:27:4:27:Infinity":22,"s:30:2:109:Infinity":23,"b:32:7:32:Infinity:33:8:48:Infinity":1,"f:42:24:42:25":11,"s:42:31:42:Infinity":24,"b:52:9:52:Infinity:53:10:67:Infinity":2,"f:61:23:61:29":12,"s:61:29:61:Infinity":25,"f:69:28:69:29":13,"s:70:12:106:Infinity":26,"f:75:23:75:29":14,"s:76:16:76:Infinity":27,"s:77:16:77:Infinity":28,"s:78:16:78:Infinity":29,"f:80:25:80:26":15,"b:81:16:86:Infinity:undefined:undefined:undefined:undefined":3,"s:81:16:86:Infinity":30,"b:81:20:81:41:81:41:81:56":4,"s:82:18:82:Infinity":31,"s:83:18:83:Infinity":32,"s:84:18:84:Infinity":33,"s:85:18:85:Infinity":34,"b:92:20:92:Infinity:93:20:93:Infinity":5,"f:99:25:99:26":16,"s:99:32:99:Infinity":35}}}
,"C:\\Users\\jathi\\OneDrive\\Desktop\\OneDrive - The University of Nottingham\\OneDrive - The University of Nottingham\\Dissertation\\concept-test\\frontend\\src\\components\\RetrievedSegments.tsx": {"path":"C:\\Users\\jathi\\OneDrive\\Desktop\\OneDrive - The University of Nottingham\\OneDrive - The University of Nottingham\\Dissertation\\concept-test\\frontend\\src\\components\\RetrievedSegments.tsx","statementMap":{"0":{"start":{"line":6,"column":8},"end":{"line":6,"column":null}},"1":{"start":{"line":6,"column":44},"end":{"line":6,"column":63}},"2":{"start":{"line":7,"column":8},"end":{"line":7,"column":null}},"3":{"start":{"line":7,"column":42},"end":{"line":7,"column":59}},"4":{"start":{"line":8,"column":8},"end":{"line":8,"column":null}},"5":{"start":{"line":8,"column":32},"end":{"line":8,"column":39}},"6":{"start":{"line":9,"column":8},"end":{"line":9,"column":null}},"7":{"start":{"line":9,"column":36},"end":{"line":9,"column":47}},"8":{"start":{"line":10,"column":8},"end":{"line":10,"column":null}},"9":{"start":{"line":10,"column":44},"end":{"line":10,"column":63}},"10":{"start":{"line":11,"column":8},"end":{"line":11,"column":null}},"11":{"start":{"line":11,"column":39},"end":{"line":11,"column":53}},"12":{"start":{"line":12,"column":8},"end":{"line":12,"column":null}},"13":{"start":{"line":12,"column":49},"end":{"line":12,"column":73}},"14":{"start":{"line":13,"column":8},"end":{"line":13,"column":null}},"15":{"start":{"line":13,"column":44},"end":{"line":13,"column":63}},"16":{"start":{"line":14,"column":8},"end":{"line":14,"column":null}},"17":{"start":{"line":14,"column":47},"end":{"line":14,"column":69}},"18":{"start":{"line":16,"column":21},"end":{"line":16,"column":null}},"19":{"start":{"line":16,"column":39},"end":{"line":16,"column":63}},"20":{"start":{"line":18,"column":2},"end":{"line":28,"column":null}},"21":{"start":{"line":19,"column":4},"end":{"line":26,"column":null}},"22":{"start":{"line":31,"column":16},"end":{"line":31,"column":null}},"23":{"start":{"line":32,"column":2},"end":{"line":35,"column":null}},"24":{"start":{"line":33,"column":4},"end":{"line":33,"column":null}},"25":{"start":{"line":33,"column":37},"end":{"line":33,"column":null}},"26":{"start":{"line":34,"column":4},"end":{"line":34,"column":null}},"27":{"start":{"line":37,"column":2},"end":{"line":120,"column":null}},"28":{"start":{"line":65,"column":22},"end":{"line":65,"column":null}},"29":{"start":{"line":65,"column":44},"end":{"line":65,"column":58}},"30":{"start":{"line":66,"column":10},"end":{"line":116,"column":null}},"31":{"start":{"line":70,"column":18},"end":{"line":70,"column":null}},"32":{"start":{"line":71,"column":18},"end":{"line":71,"column":null}},"33":{"start":{"line":72,"column":18},"end":{"line":72,"column":null}},"34":{"start":{"line":82,"column":18},"end":{"line":113,"column":null}},"35":{"start":{"line":92,"column":22},"end":{"line":92,"column":null}},"36":{"start":{"line":93,"column":22},"end":{"line":93,"column":null}},"37":{"start":{"line":94,"column":22},"end":{"line":94,"column":null}},"38":{"start":{"line":95,"column":22},"end":{"line":95,"column":null}},"39":{"start":{"line":98,"column":22},"end":{"line":104,"column":null}},"40":{"start":{"line":99,"column":24},"end":{"line":99,"column":null}},"41":{"start":{"line":1
[...]
art":{"line":123,"column":56},"end":{"line":123,"column":null}}],"line":123},"23":{"loc":{"start":{"line":126,"column":2},"end":{"line":127,"column":null}},"type":"if","locations":[{"start":{"line":126,"column":2},"end":{"line":127,"column":null}},{"start":{},"end":{}}],"line":126},"24":{"loc":{"start":{"line":127,"column":12},"end":{"line":127,"column":null}},"type":"binary-expr","locations":[{"start":{"line":127,"column":12},"end":{"line":127,"column":39}},{"start":{"line":127,"column":39},"end":{"line":127,"column":null}}],"line":127},"25":{"loc":{"start":{"line":128,"column":2},"end":{"line":129,"column":null}},"type":"if","locations":[{"start":{"line":128,"column":2},"end":{"line":129,"column":null}},{"start":{},"end":{}}],"line":128},"26":{"loc":{"start":{"line":129,"column":12},"end":{"line":129,"column":null}},"type":"binary-expr","locations":[{"start":{"line":129,"column":12},"end":{"line":129,"column":42}},{"start":{"line":129,"column":42},"end":{"line":129,"column":null}}],"line":129}},"s":{"0":27,"1":27,"2":22,"3":22,"4":33,"5":23,"6":23,"7":23,"8":23,"9":23,"10":23,"11":2,"12":3,"13":2,"14":2,"15":1,"16":1,"17":1,"18":1,"19":47,"20":47,"21":40,"22":40,"23":40,"24":40,"25":40,"26":7,"27":7,"28":6,"29":6,"30":4,"31":2,"32":2,"33":2,"34":2,"35":1,"36":1,"37":0},"f":{"0":27,"1":22,"2":33,"3":47},"b":{"0":[27,1],"1":[22,0],"2":[23,2,3,2,1,1,1],"3":[23,17],"4":[1,22],"5":[1,22],"6":[1,1],"7":[2,1],"8":[2,0,0],"9":[1,0,0],"10":[1,0],"11":[47,0],"12":[40,7],"13":[40,39,39],"14":[0,40],"15":[0,0],"16":[40,39],"17":[1,6],"18":[1,1,0,0],"19":[2,4],"20":[2,1,1],"21":[2,2],"22":[2,0,0],"23":[1,1],"24":[1,0],"25":[1,0],"26":[1,0]},"meta":{"lastBranch":27,"lastFunction":4,"lastStatement":38,"seen":{"f:15:16:15:27":0,"s:16:41:29:Infinity":0,"s:30:2:32:Infinity":1,"b:31:4:31:Infinity:32:4:32:Infinity":0,"f:37:16:37:26":1,"s:38:49:47:Infinity":2,"s:48:2:48:Infinity":3,"b:48:9:48:24:48:24:48:Infinity":1,"f:52:16:52:27":2,"b:54:4:66:Infinity:67:4:70:Infinity:71:4:74:Infinity:75:4:79:Infinity:80:4:84:Infinity:85:4:86:Infinity:87:4:88:Infinity":2,"s:53:2:89:Infinity":4,"s:55:23:55:Infinity":5,"s:58:24:58:Infinity":6,"s:61:24:61:Infinity":7,"b:61:24:61:44:61:44:61:Infinity":3,"s:63:8:63:Infinity":8,"b:63:44:63:57:63:57:63:Infinity":4,"s:64:27:64:Infinity":9,"b:64:52:64:68:64:68:64:Infinity":5,"s:65:6:65:Infinity":10,"s:68:6:70:Infinity":11,"b:69:10:69:Infinity:70:10:70:Infinity":6,"s:72:6:74:Infinity":12,"b:73:10:73:Infinity:74:10:74:Infinity":7,"s:77:8:77:Infinity":13,"b:77:8:77:43:77:43:77:58:77:58:77:Infinity":8,"s:78:6:78:Infinity":14,"s:82:8:82:Infinity":15,"b:82:8:82:43:82:43:82:58:82:58:82:Infinity":9,"s:83:6:83:Infinity":16,"s:86:6:86:Infinity":17,"b:86:13:86:33:86:33:86:Infinity":10,"s:88:6:88:Infinity":18,"f:93:16:93:26":3,"s:94:15:94:Infinity":19,"b:94:15:94:29:94:29:94:Infinity":11,"b:95:2:107:Infinity:undefined:undefined:undefined:undefined":12,"s:95:2:107:Infinity":20,"s:96:17:96:Infinity":21,"s:97:18:97:Infinity":22,"s:99:7:99:Infinity":23,"b:99:7:99:39:99:39:99:69:99:69:99:Infinity":13,"s:100:22:102:Infinity":24,"b:101:9:101:Infinity:102:8:102:Infinity":14,"b:101:9:101:51:101:51:101:Infinity":15,"s:103:4:105:Infinity":25,"b:104:6:104:Infinity:105:6:105:Infinity":16,"b:108:2:113:Infinity:undefined:undefined:undefined:undefined":17,"s:108:2:113:Infinity":26,"s:109:4:113:Infinity":27,"b:110:7:110:Infinity:111:7:111:Infinity:112:7:112:Infinity:113:6:113:Infinity":18,"b:115:2:119:Infinity:undefined:undefined:undefined:undefined":19,"s:115:2:119:Infinity":28,"s:116:4:119:Infinity":29,"b:117:7:117:Infinity:118:7:118:Infinity:119:6:119:Infinity":20,"b:121:2:125:Infinity:undefined:undefined:undefined:undefined":21,"s:121:2:125:Infinity":30,"s:123:6:123:Infinity":31,"b:123:6:123:41:123:41:123:56:123:56:123:Infinity":22,"s:124:4:124:Infinity":32,"b:126:2:127:Infinity:undefined:undefined:undefined:undefined":23,"s:126:2:127:Infinity":33,"s:127:4:127:Infinity":34,"b:127:12:127:39:127:39:127:Infinity":24,"b:128:2:129:Infinity:undefined:undefined:undefined:undefined":25,"s:128:2:129:Infinity":35,"s:129:4:129:Infinity":36,"b:129:12:129:42:129:42:129:Infinity":26,"s:130:2:130:Infinity":37}}}
,"C:\\Users\\jathi\\OneDrive\\Desktop\\OneDrive - The University of Nottingham\\OneDrive - The University of Nottingham\\Dissertation\\concept-test\\frontend\\src\\lib\\annotated-text.ts": {"path":"C:\\Users\\jathi\\OneDrive\\Desktop\\OneDrive - The University of Nottingham\\OneDrive - The University of Nottingham\\Dissertation\\concept-test\\frontend\\src\\lib\\annotated-text.ts","statementMap":{"0":{"start":{"line":11,"column":2},"end":{"line":11,"column":null}},"1":{"start":{"line":11,"column":29},"end":{"line":11,"column":null}},"2":{"start":{"line":13,"column":19},"end":{"line":16,"column":null}},"3":{"start":{"line":17,"column":2},"end":{"line":30,"column":null}},"4":{"start":{"line":18,"column":16},"end":{"line":18,"column":null}},"5":{"start":{"line":19,"column":4},"end":{"line":26,"column":null}},"6":{"start":{"line":20,"column":6},"end":{"line":25,"column":null}},"7":{"start":{"line":27,"column":18},"end":{"line":27,"column":null}},"8":{"start":{"line":28,"column":4},"end":{"line":28,"column":null}},"9":{"start":{"line":29,"column":4},"end":{"line":29,"column":null}},"10":{"start":{"line":29,"column":32},"end":{"line":29,"column":null}},"11":{"start":{"line":32,"column":17},"end":{"line":34,"column":null}},"12":{"start":{"line":33,"column":14},"end":{"line":33,"column":null}},"13":{"start":{"line":35,"column":85},"end":{"line":35,"column":null}},"14":{"start":{"line":37,"column":2},"end":{"line":46,"column":null}},"15":{"start":{"line":38,"column":19},"end":{"line":38,"column":null}},"16":{"start":{"line":39,"column":4},"end":{"line":45,"column":null}},"17":{"start":{"line":40,"column":19},"end":{"line":40,"column":null}},"18":{"start":{"line":41,"column":6},"end":{"line":41,"column":null}},"19":{"start":{"line":42,"column":6},"end":{"line":42,"column":null}},"20":{"start":{"line":42,"column":25},"end":{"line":42,"column":null}},"21":{"start":{"line":44,"column":6},"end":{"line":44,"column":null}},"22":{"start":{"line":48,"column":2},"end":{"line":48,"column":null}},"23":{"start":{"line":60,"column":2},"end":{"line":60,"column":null}},"24":{"start":{"line":60,"column":29},"end":{"line":60,"column":null}},"25":{"start":{"line":62,"column":17},"end":{"line":62,"column":null}},"26":{"start":{"line":63,"column":26},"end":{"line":63,"column":null}},"27":{"start":{"line":64,"column":15},"end":{"line":64,"column":null}},"28":{"start":{"line":66,"column":2},"end":{"line":79,"column":null}},"29":{"start":{"line":67,"column":4},"end":{"line":69,"column":null}},"30":{"start":{"line":68,"column":6},"end":{"line":68,"column":null}},"31":{"start":{"line":70,"column":22},"end":{"line":72,"column":null}},"32":{"start":{"line":73,"column":4},"end":{"line":77,"column":null}},"33":{"start":{"line":78,"column":4},"end":{"line":78,"column":null}},"34":{"start":{"line":81,"column":2},"end":{"line":83,"column":null}},"35":{"start":{"line":82,"column":4},"end":{"line":82,"column":null}},"36":{"start":{"line":85,"column":2},"end":{"line":85,"column":null}}},"fnMap":{"0":{"name":"mergeRangesWithColours","decl":{"start":{"line":7,"column":9},"end":{"line":7,"column":null}},"loc":{"start":{"line":10,"column":70},"end":{"line":49,"column":null}},"line":10},"1":{"name":"(anonymous_1)","decl":{"start":{"line":33,"column":4},"end":{"line":33,"column":5}},"loc":{"start":{"line":33,"column":14},"end":{"line":33,"column":null}},"line":33},"2":{"name":"buildAnnotatedText","decl":{"start":{"line":55,"column":16},"end":{"line":55,"column":null}},"loc":{"start":{"line":59,"column":10},"end":{"line":86,"column":null}},"line":59}},"branchMap":{"0":{"loc":{"start":{"line":11,"column":2},"end":{"line":11,"column":null}},"type":"if","locations":[{"start":{"line":11,"column":2},"end":{"line":11,"column":null}},{"start":{},"end":{}}],"line":11},"1":{"loc":{"start":{"line":19,"column":4},"end":{"line":26,"column":null}},"type":"if","locations":[{"start":{"line":19,"column":4},"end":{"line":26,"column":null}},{"start":{},"end":{}}],"line":19},"2":{"loc":{"start":{"line":29,"column":4},"end":{"line":29,"column":null}},"type":"if","locations":[{"start":{"line":29,"column":4},"end":{"line":29,"column":null}},{"start":{},"end":{}}],"line":29},"3":{"loc":{"start":{"line":33,"column":14},"end":{"line":33,"column":null}},"type":"binary-expr","locations":[{"start":{"line":33,"column":14},"end":{"line":33,"column":35}},{"start":{"line":33,"column":35},"end":{"line":33,"column":null}}],"line":33},"4":{"loc":{"start":{"line":39,"column":4},"end":{"line":45,"column":null}},"type":"if","locations":[{"start":{"line":39,"column":4},"end":{"line":45,"column":null}},{"start":{"line":43,"column":11},"end":{"line":45,"column":null}}],"line":39},"5":{"loc":{"start":{"line":39,"column":8},"end":{"line":39,"column":75}},"type":"binary-expr","locations":[{"start":{"line":39,"column":8},"end":{"line":39,"column":29}},{"start":{"line":39,"column":29},"end":{"line":39,"column":75}}],"line":39},"6":{"loc":{"start":{"line":42,"column":6},"end":{"line":42,"column":null}},"type":"if","locations":[{"start":{"line":42,"column":6},"end":{"line":42,"column":null}},{"start":{},"end":{}}],"line":42},"7":{"loc":{"start":{"line":58,"column":2},"end":{"line":58,"column":null}},"type":"default-arg","locations":[{"start":{"line":58,"column":28},"end":{"line":58,"column":null}}],"line":58},"8":{"loc":{"start":{"line":60,"column":2},"end":{"line":60,"column":null}},"type":"if","locations":[{"start":{"line":60,"column":2},"end":{"line":60,"column":null}},{"start":{},"end":{}}],"line":60},"9":{"loc":{"start":{"line":67,"column":4},"end":{"line":69,"column":null}},"type":"if","locations":[{"start":{"line":67,"column":4},"end":{"line":69,"column":null}},{"start":{},"end":{}}],"line":67},"10":{"loc":{"start":{"line":70,"column":22},"end":{"line":72,"column":null}},"type":"cond-expr","locations":[{"start":{"line":71,"column":8},"end":{"line":71,"column":null}},{"start":{"line":72,"column":8},"end":{"line":72,"column":null}}],"line":70},"11":{"loc":{"start":{"line":81,"column":2},"end":{"line":83,"column":null}},"type":"if","locations":[{"start":{"line":81,"column":2},"end":{"line":83,"column":null}},{"start":{},"end":{}}],"line":81}},"s":{"0":6,"1":0,"2":6,"3":6,"4":8,"5":8,"6":8,"7":8,"8":8,"9":8,"10":1,"11":6,"12":2,"13":6,"14":6,"15":8,"16":8,"17":1,"18":1,"19":1,"20":0,"21":7,"22":6,"23":7,"24":1,"25":6,"26":6,"27":6,"28":6,"29":7,"30":1,"31":7,"32":7,"33":7,"34":6,"35":5,"36":6},"f":{"0":6,"1":2,"2":7},"b":{"0":[0,6],"1":[8,0],"2":[1,7],"3":[2,0],"4":[1,7],"5":[8,2],"6":[0,1],"7":[7],"8":[1,6],"9":[1,6],"10":[1,6],"11":[5,1]},"meta":{"lastBranch":12,"lastFunction":3,"lastStatement":37,"seen":{"f:7:9:7:Infinity":0,"b:11:2:11:Infinity:undefined:undefined:undefined:undefined":0,"s:11:2:11:Infinity":0,"s:11:29:11:Infinity":1,"s:13:19:16:Infinity":2,"s:17:2:30:Infinity":3,"s:18:16:18:Infinity":4,"b:19:4:26:Infinity:undefined:undefined:undefined:undefined":1,"s:19:4:26:Infinity":5,"s:20:6:25:Infinity":6,"s:27:18:27:Infinity":7,"s:28:4:28:Infinity":8,"b:29:4:29:Infinity:undefined:undefined:undefined:undefined":2,"s:29:4:29:Infinity":9,"s:29:32:29:Infinity":10,"s:32:17:34:Infinity":11,"f:33:4:33:5":1,"s:33:14:33:Infinity":12,"b:33:14:33:35:33:35:33:Infinity":3,"s:35:85:35:Infinity":13,"s:37:2:46:Infinity":14,"s:38:19:38:Infinity":15,"b:39:4:45:Infinity:43:11:45:Infinity":4,"s:39:4:45:Infinity":16,"b:39:8:39:29:39:29:39:75":5,"s:40:19:40:Infinity":17,"s:41:6:41:Infinity":18,"b:42:6:42:Infinity:undefined:undefined:undefined:undefined":6,"s:42:6:42:Infinity":19,"s:42:25:42:Infinity":20,"s:44:6:44:Infinity":21,"s:48:2:48:Infinity":22,"f:55:16:55:Infinity":2,"b:58:28:58:Infinity":7,"b:60:2:60:Infinity:undefined:undefined:undefined:undefined":8,"s:60:2:60:Infinity":23,"s:60:29:60:Infinity":24,"s:62:17:62:Infinity":25,"s:63:26:63:Infinity":26,"s:64:15:64:Infinity":27,"s:66:2:79:Infinity":28,"b:67:4:69:Infinity:undefined:undefined:undefined:undefined":9,"s:67:4:69:Infinity":29,"s:68:6:68:Infinity":30,"s:70:22:72:Infinity":31,"b:71:8:71:Infinity:72:8:72:Infinity":10,"s:73:4:77:Infinity":32,"s:78:4:78:Infinity":33,"b:81:2:83:Infinity:undefined:undefined:undefined:undefined":11,"s:81:2:83:Infinity":34,"s:82:4:82:Infinity":35,"s:85:2:85:Infinity":36}}}
,"C:\\Users\\jathi\\OneDrive\\Desktop\\OneDrive - The University of Nottingham\\OneDrive - The University of Nottingham\\Dissertation\\concept-test\\frontend\\src\\lib\\constants.ts": {"path":"C:\\Users\\jathi\\OneDrive\\Desktop\\OneDrive - The University of Nottingham\\OneDrive - The University of Nottingham\\Dissertation\\concept-test\\frontend\\src\\lib\\constants.ts","statementMap":{"0":{"start":{"line":2,"column":30},"end":{"line":7,"column":null}},"1":{"start":{"line":11,"column":15},"end":{"line":11,"column":null}},"2":{"start":{"line":11,"column":48},"end":{"line":11,"column":56}},"3":{"start":{"line":12,"column":2},"end":{"line":14,"column":null}},"4":{"start":{"line":13,"column":4},"end":{"line":13,"column":null}},"5":{"start":{"line":13,"column":27},"end":{"line":13,"column":null}},"6":{"start":{"line":15,"column":2},"end":{"line":15,"column":null}},"7":{"start":{"line":19,"column":52},"end":{"line":24,"column":null}}},"fnMap":{"0":{"name":"getNextColour","decl":{"start":{"line":10,"column":16},"end":{"line":10,"column":30}},"loc":{"start":{"line":10,"column":75},"end":{"line":16,"column":null}},"line":10},"1":{"name":"(anonymous_1)","decl":{"start":{"line":11,"column":41},"end":{"line":11,"column":42}},"loc":{"start":{"line":11,"column":48},"end":{"line":11,"column":56}},"line":11}},"branchMap":{"0":{"loc":{"start":{"line":13,"column":4},"end":{"line":13,"column":null}},"type":"if","locations":[{"start":{"line":13,"column":4},"end":{"line":13,"column":null}},{"start":{},"end":{}}],"line":13}},"s":{"0":7,"1":4,"2":21,"3":4,"4":24,"5":3,"6":1,"7":7},"f":{"0":4,"1":21},"b":{"0":[3,21]},"meta":{"lastBranch":1,"lastFunction":2,"lastStatement":8,"seen":{"s:2:30:7:Infinity":0,"f:10:16:10:30":0,"s:11:15:11:Infinity":1,"f:11:41:11:42":1,"s:11:48:11:56":2,"s:12:2:14:Infinity":3,"b:13:4:13:Infinity:undefined:undefined:undefined:undefined":0,"s:13:4:13:Infinity":4,"s:13:27:13:Infinity":5,"s:15:2:15:Infinity":6,"s:19:52:24:Infinity":7}}}
,"C:\\Users\\jathi\\OneDrive\\Desktop\\OneDrive - The University of Nottingham\\OneDrive - The University of Nottingham\\Dissertation\\concept-test\\frontend\\src\\lib\\utils.ts": {"path":"C:\\Users\\jathi\\OneDrive\\Desktop\\OneDrive - The University of Nottingham\\OneDrive - The University of Nottingham\\Dissertation\\concept-test\\frontend\\src\\lib\\utils.ts","statementMap":{"0":{"start":{"line":5,"column":2},"end":{"line":5,"column":null}},"1":{"start":{"line":10,"column":2},"end":{"line":11,"column":null}},"2":{"start":{"line":11,"column":4},"end":{"line":11,"column":null}},"3":{"start":{"line":12,"column":19},"end":{"line":12,"column":null}},"4":{"start":{"line":13,"column":12},"end":{"line":13,"column":null}},"5":{"start":{"line":14,"column":12},"end":{"line":14,"column":null}},"6":{"start":{"line":15,"column":12},"end":{"line":15,"column":null}},"7":{"start":{"line":16,"column":2},"end":{"line":16,"column":null}},"8":{"start":{"line":21,"column":2},"end":{"line":24,"column":null}},"9":{"start":{"line":33,"column":14},"end":{"line":33,"column":null}},"10":{"start":{"line":35,"column":2},"end":{"line":37,"column":null}},"11":{"start":{"line":36,"column":4},"end":{"line":36,"column":null}},"12":{"start":{"line":38,"column":12},"end":{"line":38,"column":null}},"13":{"start":{"line":39,"column":12},"end":{"line":39,"column":null}},"14":{"start":{"line":40,"column":12},"end":{"line":40,"column":null}},"15":{"start":{"line":43,"column":19},"end":{"line":44,"column":null}},"16":{"start":{"line":44,"column":4},"end":{"line":44,"column":null}},"17":{"start":{"line":45,"column":20},"end":{"line":45,"column":null}},"18":{"start":{"line":49,"column":8},"end":{"line":49,"column":null}},"19":{"start":{"line":50,"column":8},"end":{"line":50,"column":null}},"20":{"start":{"line":52,"column":2},"end":{"line":52,"column":null}}},"fnMap":{"0":{"name":"cn","decl":{"start":{"line":4,"column":16},"end":{"line":4,"column":22}},"loc":{"start":{"line":4,"column":52},"end":{"line":6,"column":null}},"line":4},"1":{"name":"hexToRgba","decl":{"start":{"line":9,"column":16},"end":{"line":9,"column":26}},"loc":{"start":{"line":9,"column":62},"end":{"line":17,"column":null}},"line":9},"2":{"name":"escapeHtml","decl":{"start":{"line":20,"column":16},"end":{"line":20,"column":27}},"loc":{"start":{"line":20,"column":49},"end":{"line":25,"column":null}},"line":20},"3":{"name":"getContrastColor","decl":{"start":{"line":32,"column":16},"end":{"line":32,"column":33}},"loc":{"start":{"line":32,"column":69},"end":{"line":53,"column":null}},"line":32},"4":{"name":"(anonymous_4)","decl":{"start":{"line":43,"column":19},"end":{"line":43,"column":20}},"loc":{"start":{"line":44,"column":4},"end":{"line":44,"column":null}},"line":44}},"branchMap":{"0":{"loc":{"start":{"line":10,"column":2},"end":{"line":11,"column":null}},"type":"if","locations":[{"start":{"line":10,"column":2},"end":{"line":11,"column":null}},{"start":{},"end":{}}],"line":10},"1":{"loc":{"start":{"line":13,"column":12},"end":{"line":13,"column":null}},"type":"binary-expr","locations":[{"start":{"line":13,"column":12},"end":{"line":13,"column":54}},{"start":{"line":13,"column":54},"end":{"line":13,"column":null}}],"line":13},"2":{"loc":{"start":{"line":14,"column":12},"end":{"line":14,"column":null}},"type":"binary-expr","locations":[{"start":{"line":14,"column":12},"end":{"line":14,"column":54}},{"start":{"line":14,"column":54},"end":{"line":14,"column":null}}],"line":14},"3":{"loc":{"start":{"line":15,"column":12},"end":{"line":15,"column":null}},"type":"binary-expr","locations":[{"start":{"line":15,"column":12},"end":{"line":15,"column":54}},{"start":{"line":15,"column":54},"end":{"line":15,"column":null}}],"line":15},"4":{"loc":{"start":{"line":35,"column":2},"end":{"line":37,"column":null}},"type":"if","locations":[{"start":{"line":35,"column":2},"end":{"line":37,"column":null}},{"start":{},"end":{}}],"line":35},"5":{"loc":{"start":{"line":44,"column":4},"end":{"line":44,"column":null}},"type":"cond-expr","locations":[{"start":{"line":44,"column":19},"end":{"line":44,"column":31}},{"start":{"line":44,"column":31},"end":{"line":44,"column":null}}],"line":44},"6":{"loc":{"start":{"line":52,"column":9},"end":{"line":52,"column":null}},"type":"cond-expr","locations":[{"start":{"line":52,"column":49},"end":{"line":52,"column":61}},{"start":{"line":52,"column":61},"end":{"line":52,"column":null}}],"line":52}},"s":{"0":152,"1":8,"2":1,"3":7,"4":7,"5":8,"6":8,"7":8,"8":30,"9":13,"10":13,"11":3,"12":13,"13":13,"14":13,"15":13,"16":39,"17":13,"18":13,"19":13,"20":13},"f":{"0":152,"1":8,"2":30,"3":13,"4":39},"b":{"0":[1,7],"1":[7,2],"2":[8,2],"3":[8,3],"4":[3,10],"5":[10,29],"6":[7,6]},"meta":{"lastBranch":7,"lastFunction":5,"lastStatement":21,"seen":{"f:4:16:4:22":0,"s:5:2:5:Infinity":0,"f:9:16:9:26":1,"b:10:2:11:Infinity:undefined:undefined:undefined:undefined":0,"s:10:2:11:Infinity":1,"s:11:4:11:Infinity":2,"s:12:19:12:Infinity":3,"s:13:12:13:Infinity":4,"b:13:12:13:54:13:54:13:Infinity":1,"s:14:12:14:Infinity":5,"b:14:12:14:54:14:54:14:Infinity":2,"s:15:12:15:Infinity":6,"b:15:12:15:54:15:54:15:Infinity":3,"s:16:2:16:Infinity":7,"f:20:16:20:27":2,"s:21:2:24:Infinity":8,"f:32:16:32:33":3,"s:33:14:33:Infinity":9,"b:35:2:37:Infinity:undefined:undefined:undefined:undefined":4,"s:35:2:37:Infinity":10,"s:36:4:36:Infinity":11,"s:38:12:38:Infinity":12,"s:39:12:39:Infinity":13,"s:40:12:40:Infinity":14,"s:43:19:44:Infinity":15,"f:43:19:43:20":4,"s:44:4:44:Infinity":16,"b:44:19:44:31:44:31:44:Infinity":5,"s:45:20:45:Infinity":17,"s:49:8:49:Infinity":18,"s:50:8:50:Infinity":19,"s:52:2:52:Infinity":20,"b:52:49:52:61:52:61:52:Infinity":6}}}
}
